23:35:09.185 [DEBUG] [org.gradle.launcher.daemon.bootstrap.DaemonMain] Assuming the daemon was started with following jvm opts: [-XX:+HeapDumpOnOutOfMemoryError, -Xmx1024m, -Dfile.encoding=UTF-8, -Duser.country, -Duser.language=en, -Duser.variant]
23:35:09.403 [INFO] [org.gradle.launcher.daemon.server.Daemon] start() called on daemon - DefaultDaemonContext[uid=4fd07ad1-0bdc-4414-90da-58f45bdba76c,javaHome=/opt/jdk1.8.0_172,daemonRegistryDir=/app/cache/daemon,pid=37,idleTimeout=10800000,daemonOpts=-XX:+HeapDumpOnOutOfMemoryError,-Xmx1024m,-Dfile.encoding=UTF-8,-Duser.country,-Duser.language=en,-Duser.variant]
23:35:09.420 [DEBUG] [org.gradle.internal.remote.internal.inet.InetAddresses] Adding IP addresses for network interface eth0
23:35:09.436 [DEBUG] [org.gradle.internal.remote.internal.inet.InetAddresses] Is this a loopback interface? false
23:35:09.438 [DEBUG] [org.gradle.internal.remote.internal.inet.InetAddresses] Is this a multicast interface? true
23:35:09.441 [DEBUG] [org.gradle.internal.remote.internal.inet.InetAddresses] Adding remote address /172.18.0.6
23:35:09.444 [DEBUG] [org.gradle.internal.remote.internal.inet.InetAddresses] Adding remote multicast interface eth0
23:35:09.451 [DEBUG] [org.gradle.internal.remote.internal.inet.InetAddresses] Adding IP addresses for network interface lo
23:35:09.453 [DEBUG] [org.gradle.internal.remote.internal.inet.InetAddresses] Is this a loopback interface? true
23:35:09.455 [DEBUG] [org.gradle.internal.remote.internal.inet.InetAddresses] Is this a multicast interface? false
23:35:09.458 [DEBUG] [org.gradle.internal.remote.internal.inet.InetAddresses] Adding loopback address /127.0.0.1
23:35:09.462 [DEBUG] [org.gradle.internal.remote.internal.inet.TcpIncomingConnector] Listening on [89020ed9-0415-4a81-a983-76b45d607c25 port:42435, addresses:[/127.0.0.1]].
23:35:09.467 [DEBUG] [org.gradle.launcher.daemon.server.Daemon] Daemon starting at: Tue May 08 23:35:09 GMT 2018, with address: [89020ed9-0415-4a81-a983-76b45d607c25 port:42435, addresses:[/127.0.0.1]]
23:35:09.474 [INFO] [org.gradle.launcher.daemon.server.DaemonRegistryUpdater] Advertising the daemon address to the clients: [89020ed9-0415-4a81-a983-76b45d607c25 port:42435, addresses:[/127.0.0.1]]
23:35:09.476 [DEBUG] [org.gradle.launcher.daemon.server.DaemonRegistryUpdater] Advertised daemon context: DefaultDaemonContext[uid=4fd07ad1-0bdc-4414-90da-58f45bdba76c,javaHome=/opt/jdk1.8.0_172,daemonRegistryDir=/app/cache/daemon,pid=37,idleTimeout=10800000,daemonOpts=-XX:+HeapDumpOnOutOfMemoryError,-Xmx1024m,-Dfile.encoding=UTF-8,-Duser.country,-Duser.language=en,-Duser.variant]
23:35:09.479 [DEBUG] [org.gradle.launcher.daemon.registry.PersistentDaemonRegistry] Storing daemon address: [89020ed9-0415-4a81-a983-76b45d607c25 port:42435, addresses:[/127.0.0.1]], context: DefaultDaemonContext[uid=4fd07ad1-0bdc-4414-90da-58f45bdba76c,javaHome=/opt/jdk1.8.0_172,daemonRegistryDir=/app/cache/daemon,pid=37,idleTimeout=10800000,daemonOpts=-XX:+HeapDumpOnOutOfMemoryError,-Xmx1024m,-Dfile.encoding=UTF-8,-Duser.country,-Duser.language=en,-Duser.variant]
23:35:09.505 [DEBUG] [org.gradle.cache.internal.DefaultFileLockManager] Waiting to acquire exclusive lock on daemon addresses registry.
23:35:09.511 [DEBUG] [org.gradle.cache.internal.DefaultFileLockManager] Lock acquired on daemon addresses registry.
23:35:09.523 [DEBUG] [org.gradle.cache.internal.DefaultFileLockManager] Releasing lock on daemon addresses registry.
23:35:09.527 [LIFECYCLE] [org.gradle.launcher.daemon.server.Daemon] Daemon server started.
23:35:09.538 [DEBUG] [org.gradle.launcher.daemon.bootstrap.DaemonStartupCommunication] Completed writing the daemon greeting. Closing streams...
23:35:09.551 [DEBUG] [org.gradle.internal.remote.internal.inet.TcpIncomingConnector] Accepted connection from /127.0.0.1:58582 to /127.0.0.1:42435.
23:35:09.570 [DEBUG] [org.gradle.launcher.daemon.server.Daemon] stopOnExpiration() called on daemon
23:35:09.575 [DEBUG] [org.gradle.launcher.daemon.server.Daemon] awaitExpiration() called on daemon
23:35:09.581 [DEBUG] [org.gradle.launcher.daemon.server.DaemonStateCoordinator] daemon is running. Sleeping until state changes.
23:35:09.759 [DEBUG] [org.gradle.launcher.daemon.server.SynchronizedDispatchConnection] thread 15: received class org.gradle.launcher.daemon.protocol.Build
23:35:09.763 [DEBUG] [org.gradle.launcher.daemon.server.DefaultDaemonConnection] thread 15: Received non-IO message from client: Build{id=90128647-8bbc-4786-b295-3b95e4bd1c74.1, currentDir=/app}
23:35:09.766 [INFO] [org.gradle.launcher.daemon.server.DefaultIncomingConnectionHandler] Received command: Build{id=90128647-8bbc-4786-b295-3b95e4bd1c74.1, currentDir=/app}.
23:35:09.768 [DEBUG] [org.gradle.launcher.daemon.server.DefaultIncomingConnectionHandler] Starting executing command: Build{id=90128647-8bbc-4786-b295-3b95e4bd1c74.1, currentDir=/app} with connection: socket connection from /127.0.0.1:42435 to /127.0.0.1:58582.
23:35:09.772 [ERROR] [org.gradle.launcher.daemon.server.DaemonStateCoordinator] Command execution: started DaemonCommandExecution[command = Build{id=90128647-8bbc-4786-b295-3b95e4bd1c74.1, currentDir=/app}, connection = DefaultDaemonConnection: socket connection from /127.0.0.1:42435 to /127.0.0.1:58582] after 0.0 minutes of idle
23:35:09.774 [INFO] [org.gradle.launcher.daemon.server.DaemonRegistryUpdater] Marking the daemon as busy, address: [89020ed9-0415-4a81-a983-76b45d607c25 port:42435, addresses:[/127.0.0.1]]
23:35:09.777 [DEBUG] [org.gradle.launcher.daemon.registry.PersistentDaemonRegistry] Marking busy by address: [89020ed9-0415-4a81-a983-76b45d607c25 port:42435, addresses:[/127.0.0.1]]
23:35:09.788 [DEBUG] [org.gradle.cache.internal.DefaultFileLockManager] Waiting to acquire exclusive lock on daemon addresses registry.
23:35:09.792 [DEBUG] [org.gradle.cache.internal.DefaultFileLockManager] Lock acquired on daemon addresses registry.
23:35:09.802 [DEBUG] [org.gradle.cache.internal.DefaultFileLockManager] Releasing lock on daemon addresses registry.
23:35:09.806 [DEBUG] [org.gradle.launcher.daemon.server.DaemonStateCoordinator] resetting idle timer
23:35:09.808 [DEBUG] [org.gradle.launcher.daemon.server.DaemonStateCoordinator] daemon is running. Sleeping until state changes.
23:35:09.809 [INFO] [org.gradle.launcher.daemon.server.exec.StartBuildOrRespondWithBusy] Daemon is about to start building Build{id=90128647-8bbc-4786-b295-3b95e4bd1c74.1, currentDir=/app}. Dispatching build started information...
23:35:09.822 [DEBUG] [org.gradle.launcher.daemon.server.SynchronizedDispatchConnection] thread 17: dispatching class org.gradle.launcher.daemon.protocol.BuildStarted
23:35:09.830 [DEBUG] [org.gradle.launcher.daemon.server.exec.EstablishBuildEnvironment] Configuring env variables: {PATH=/usr/local/sbin:/usr/local/bin:/usr/sbin:/usr/bin:/sbin:/bin:/opt/jdk/bin, JAVA_JCE=unlimited, SPRING_PROFILES_ACTIVE=dev, JAVA_HOME=/opt/jdk, OLDPWD=/app, GLIBC_VERSION=2.27-r0, LANG=C.UTF-8, JAVA_VERSION_MAJOR=8, GRADLE_USER_HOME=cache, HOSTNAME=e1696a7da3ae, GLIBC_REPO=https://github.com/sgerrand/alpine-pkg-glibc, JAVA_VERSION_MINOR=172, PWD=/app, JAVA_PACKAGE=jdk, JAVA_VERSION_BUILD=11, HOME=/root, SHLVL=1}
23:35:09.844 [DEBUG] [org.gradle.launcher.daemon.server.exec.LogToClient] About to start relaying all logs to the client via the connection.
23:35:09.846 [INFO] [org.gradle.launcher.daemon.server.exec.LogToClient] The client will now receive all logging from the daemon (pid: 37). The daemon log file: /app/cache/daemon/4.5.1/daemon-37.out.log
23:35:09.849 [INFO] [org.gradle.launcher.daemon.server.exec.LogAndCheckHealth] Starting build in new daemon [memory: 954.7 MB]
23:35:09.856 [DEBUG] [org.gradle.launcher.daemon.server.exec.ExecuteBuild] The daemon has started executing the build.
23:35:09.859 [DEBUG] [org.gradle.launcher.daemon.server.exec.ExecuteBuild] Executing build with daemon context: DefaultDaemonContext[uid=4fd07ad1-0bdc-4414-90da-58f45bdba76c,javaHome=/opt/jdk1.8.0_172,daemonRegistryDir=/app/cache/daemon,pid=37,idleTimeout=10800000,daemonOpts=-XX:+HeapDumpOnOutOfMemoryError,-Xmx1024m,-Dfile.encoding=UTF-8,-Duser.country,-Duser.language=en,-Duser.variant]
Download https://repo.maven.apache.org/maven2/org/springframework/boot/spring-boot-gradle-plugin/2.0.1.RELEASE/spring-boot-gradle-plugin-2.0.1.RELEASE.pom
Download https://repo.maven.apache.org/maven2/org/springframework/boot/spring-boot-tools/2.0.1.RELEASE/spring-boot-tools-2.0.1.RELEASE.pom
Download https://repo.maven.apache.org/maven2/org/springframework/boot/spring-boot-parent/2.0.1.RELEASE/spring-boot-parent-2.0.1.RELEASE.pom
Download https://repo.maven.apache.org/maven2/org/springframework/boot/spring-boot-dependencies/2.0.1.RELEASE/spring-boot-dependencies-2.0.1.RELEASE.pom
Download https://repo.maven.apache.org/maven2/com/fasterxml/jackson/jackson-bom/2.9.5/jackson-bom-2.9.5.pom
Download https://repo.maven.apache.org/maven2/com/fasterxml/jackson/jackson-parent/2.9.1/jackson-parent-2.9.1.pom
Download https://repo.maven.apache.org/maven2/com/fasterxml/oss-parent/30/oss-parent-30.pom
Download https://repo.maven.apache.org/maven2/io/netty/netty-bom/4.1.23.Final/netty-bom-4.1.23.Final.pom
Download https://repo.maven.apache.org/maven2/org/sonatype/oss/oss-parent/7/oss-parent-7.pom
Download https://repo.maven.apache.org/maven2/io/projectreactor/reactor-bom/Bismuth-SR8/reactor-bom-Bismuth-SR8.pom
Download https://repo.maven.apache.org/maven2/org/apache/logging/log4j/log4j-bom/2.10.0/log4j-bom-2.10.0.pom
Download https://repo.maven.apache.org/maven2/org/apache/logging/logging-parent/1/logging-parent-1.pom
Download https://repo.maven.apache.org/maven2/org/apache/apache/18/apache-18.pom
Download https://repo.maven.apache.org/maven2/org/eclipse/jetty/jetty-bom/9.4.9.v20180320/jetty-bom-9.4.9.v20180320.pom
Download https://repo.maven.apache.org/maven2/org/springframework/spring-framework-bom/5.0.5.RELEASE/spring-framework-bom-5.0.5.RELEASE.pom
Download https://repo.maven.apache.org/maven2/org/springframework/data/spring-data-releasetrain/Kay-SR6/spring-data-releasetrain-Kay-SR6.pom
Download https://repo.maven.apache.org/maven2/org/springframework/data/build/spring-data-build/2.0.6.RELEASE/spring-data-build-2.0.6.RELEASE.pom
Download https://repo.maven.apache.org/maven2/org/springframework/integration/spring-integration-bom/5.0.4.RELEASE/spring-integration-bom-5.0.4.RELEASE.pom
Download https://repo.maven.apache.org/maven2/org/springframework/security/spring-security-bom/5.0.4.RELEASE/spring-security-bom-5.0.4.RELEASE.pom
Download https://repo.maven.apache.org/maven2/org/springframework/session/spring-session-bom/Apple-SR1/spring-session-bom-Apple-SR1.pom
Download https://repo.maven.apache.org/maven2/io/spring/gradle/dependency-management-plugin/1.0.5.RELEASE/dependency-management-plugin-1.0.5.RELEASE.pom
Download https://repo.maven.apache.org/maven2/org/springframework/boot/spring-boot-loader-tools/2.0.1.RELEASE/spring-boot-loader-tools-2.0.1.RELEASE.pom
Download https://repo.maven.apache.org/maven2/org/apache/commons/commons-compress/1.14/commons-compress-1.14.pom
Download https://repo.maven.apache.org/maven2/org/apache/commons/commons-parent/42/commons-parent-42.pom
Download https://repo.maven.apache.org/maven2/org/springframework/spring-core/5.0.5.RELEASE/spring-core-5.0.5.RELEASE.pom
Download https://repo.maven.apache.org/maven2/io/netty/netty-bom/4.1.22.Final/netty-bom-4.1.22.Final.pom
Download https://repo.maven.apache.org/maven2/org/springframework/spring-jcl/5.0.5.RELEASE/spring-jcl-5.0.5.RELEASE.pom
Download https://repo.maven.apache.org/maven2/org/springframework/boot/spring-boot-loader-tools/2.0.1.RELEASE/spring-boot-loader-tools-2.0.1.RELEASE.jar
Download https://repo.maven.apache.org/maven2/org/springframework/spring-core/5.0.5.RELEASE/spring-core-5.0.5.RELEASE.jar
Download https://repo.maven.apache.org/maven2/io/spring/gradle/dependency-management-plugin/1.0.5.RELEASE/dependency-management-plugin-1.0.5.RELEASE.jar
Download https://repo.maven.apache.org/maven2/org/springframework/boot/spring-boot-gradle-plugin/2.0.1.RELEASE/spring-boot-gradle-plugin-2.0.1.RELEASE.jar
Download https://repo.maven.apache.org/maven2/org/apache/commons/commons-compress/1.14/commons-compress-1.14.jar
Download https://repo.maven.apache.org/maven2/org/springframework/spring-jcl/5.0.5.RELEASE/spring-jcl-5.0.5.RELEASE.jar
:compileJava
Download https://repo.maven.apache.org/maven2/org/springframework/cloud/spring-cloud-netflix/1.4.0.RELEASE/spring-cloud-netflix-1.4.0.RELEASE.pom
Download https://repo.maven.apache.org/maven2/org/springframework/cloud/spring-cloud-build/1.3.6.RELEASE/spring-cloud-build-1.3.6.RELEASE.pom
Download https://repo.maven.apache.org/maven2/org/springframework/cloud/spring-cloud-build-dependencies/1.3.6.RELEASE/spring-cloud-build-dependencies-1.3.6.RELEASE.pom
Download https://repo.maven.apache.org/maven2/org/springframework/boot/spring-boot-dependencies/1.5.8.RELEASE/spring-boot-dependencies-1.5.8.RELEASE.pom
Download https://repo.maven.apache.org/maven2/com/fasterxml/jackson/jackson-bom/2.8.10/jackson-bom-2.8.10.pom
Download https://repo.maven.apache.org/maven2/com/fasterxml/jackson/jackson-parent/2.8/jackson-parent-2.8.pom
Download https://repo.maven.apache.org/maven2/com/fasterxml/oss-parent/27/oss-parent-27.pom
Download https://repo.maven.apache.org/maven2/org/apache/logging/log4j/log4j-bom/2.7/log4j-bom-2.7.pom
Download https://repo.maven.apache.org/maven2/org/apache/apache/9/apache-9.pom
Download https://repo.maven.apache.org/maven2/org/springframework/spring-framework-bom/4.3.12.RELEASE/spring-framework-bom-4.3.12.RELEASE.pom
Download https://repo.maven.apache.org/maven2/org/springframework/data/spring-data-releasetrain/Ingalls-SR8/spring-data-releasetrain-Ingalls-SR8.pom
Download https://repo.maven.apache.org/maven2/org/springframework/data/build/spring-data-build/1.9.8.RELEASE/spring-data-build-1.9.8.RELEASE.pom
Download https://repo.maven.apache.org/maven2/org/springframework/integration/spring-integration-bom/4.3.12.RELEASE/spring-integration-bom-4.3.12.RELEASE.pom
Download https://repo.maven.apache.org/maven2/org/springframework/security/spring-security-bom/4.2.3.RELEASE/spring-security-bom-4.2.3.RELEASE.pom
Download https://repo.maven.apache.org/maven2/org/springframework/cloud/spring-cloud-netflix-dependencies/1.4.0.RELEASE/spring-cloud-netflix-dependencies-1.4.0.RELEASE.pom
Download https://repo.maven.apache.org/maven2/org/springframework/cloud/spring-cloud-dependencies-parent/1.3.6.RELEASE/spring-cloud-dependencies-parent-1.3.6.RELEASE.pom
Download https://repo.maven.apache.org/maven2/org/springframework/cloud/spring-cloud-commons-dependencies/1.3.0.RELEASE/spring-cloud-commons-dependencies-1.3.0.RELEASE.pom
Download https://repo.maven.apache.org/maven2/org/springframework/cloud/spring-cloud-config-dependencies/1.4.0.RELEASE/spring-cloud-config-dependencies-1.4.0.RELEASE.pom
Download https://repo.maven.apache.org/maven2/org/springframework/cloud/spring-cloud-stream-dependencies/Ditmars.RELEASE/spring-cloud-stream-dependencies-Ditmars.RELEASE.pom
Download https://repo.maven.apache.org/maven2/org/springframework/cloud/spring-cloud-dependencies-parent/1.3.5.RELEASE/spring-cloud-dependencies-parent-1.3.5.RELEASE.pom
Download https://repo.maven.apache.org/maven2/org/springframework/cloud/spring-cloud-contract-dependencies/1.1.2.RELEASE/spring-cloud-contract-dependencies-1.1.2.RELEASE.pom
Download https://repo.maven.apache.org/maven2/org/springframework/cloud/spring-cloud-dependencies-parent/1.3.3.RELEASE/spring-cloud-dependencies-parent-1.3.3.RELEASE.pom
Download https://repo.maven.apache.org/maven2/org/flywaydb/flyway-core/3.2.1/flyway-core-3.2.1.pom
Download https://repo.maven.apache.org/maven2/org/projectlombok/lombok/1.16.14/lombok-1.16.14.pom
Download https://repo.maven.apache.org/maven2/org/springframework/boot/spring-boot-starter-data-jpa/1.5.8.RELEASE/spring-boot-starter-data-jpa-1.5.8.RELEASE.pom
Download https://repo.maven.apache.org/maven2/org/springframework/cloud/spring-cloud-starter-eureka/1.4.0.RELEASE/spring-cloud-starter-eureka-1.4.0.RELEASE.pom
Download https://repo.maven.apache.org/maven2/org/springframework/boot/spring-boot-starters/1.5.8.RELEASE/spring-boot-starters-1.5.8.RELEASE.pom
Download https://repo.maven.apache.org/maven2/org/springframework/boot/spring-boot-starter-web/1.5.8.RELEASE/spring-boot-starter-web-1.5.8.RELEASE.pom
Download https://repo.maven.apache.org/maven2/org/flywaydb/flyway-parent/3.2.1/flyway-parent-3.2.1.pom
Download https://repo.maven.apache.org/maven2/org/springframework/boot/spring-boot-parent/1.5.8.RELEASE/spring-boot-parent-1.5.8.RELEASE.pom
Download https://repo.maven.apache.org/maven2/org/springframework/cloud/spring-cloud-starter-netflix-eureka-client/1.4.0.RELEASE/spring-cloud-starter-netflix-eureka-client-1.4.0.RELEASE.pom
Download https://repo.maven.apache.org/maven2/org/springframework/cloud/spring-cloud-starter-netflix/1.4.0.RELEASE/spring-cloud-starter-netflix-1.4.0.RELEASE.pom
Download https://repo.maven.apache.org/maven2/org/springframework/spring-web/4.3.12.RELEASE/spring-web-4.3.12.RELEASE.pom
Download https://repo.maven.apache.org/maven2/com/fasterxml/jackson/core/jackson-databind/2.8.10/jackson-databind-2.8.10.pom
Download https://repo.maven.apache.org/maven2/org/springframework/boot/spring-boot-starter/1.5.8.RELEASE/spring-boot-starter-1.5.8.RELEASE.pom
Download https://repo.maven.apache.org/maven2/org/springframework/boot/spring-boot-starter-tomcat/1.5.8.RELEASE/spring-boot-starter-tomcat-1.5.8.RELEASE.pom
Download https://repo.maven.apache.org/maven2/org/springframework/spring-webmvc/4.3.12.RELEASE/spring-webmvc-4.3.12.RELEASE.pom
Download https://repo.maven.apache.org/maven2/org/hibernate/hibernate-validator/5.3.5.Final/hibernate-validator-5.3.5.Final.pom
Download https://repo.maven.apache.org/maven2/org/hibernate/hibernate-validator-parent/5.3.5.Final/hibernate-validator-parent-5.3.5.Final.pom
Download https://repo.maven.apache.org/maven2/org/jboss/arquillian/arquillian-bom/1.1.11.Final/arquillian-bom-1.1.11.Final.pom
Download https://repo.maven.apache.org/maven2/org/jboss/shrinkwrap/shrinkwrap-bom/1.2.3/shrinkwrap-bom-1.2.3.pom
Download https://repo.maven.apache.org/maven2/org/jboss/shrinkwrap/resolver/shrinkwrap-resolver-bom/2.2.0/shrinkwrap-resolver-bom-2.2.0.pom
Download https://repo.maven.apache.org/maven2/org/jboss/shrinkwrap/descriptors/shrinkwrap-descriptors-bom/2.0.0-alpha-8/shrinkwrap-descriptors-bom-2.0.0-alpha-8.pom
Download https://repo.maven.apache.org/maven2/org/springframework/boot/spring-boot-starter-aop/1.5.8.RELEASE/spring-boot-starter-aop-1.5.8.RELEASE.pom
Download https://repo.maven.apache.org/maven2/org/springframework/boot/spring-boot-starter-jdbc/1.5.8.RELEASE/spring-boot-starter-jdbc-1.5.8.RELEASE.pom
Download https://repo.maven.apache.org/maven2/org/hibernate/hibernate-entitymanager/5.0.12.Final/hibernate-entitymanager-5.0.12.Final.pom
Download https://repo.maven.apache.org/maven2/javax/transaction/javax.transaction-api/1.2/javax.transaction-api-1.2.pom
Download https://repo.maven.apache.org/maven2/net/java/jvnet-parent/3/jvnet-parent-3.pom
Download https://repo.maven.apache.org/maven2/org/springframework/data/spring-data-jpa/1.11.8.RELEASE/spring-data-jpa-1.11.8.RELEASE.pom
Download https://repo.maven.apache.org/maven2/org/springframework/spring-aspects/4.3.12.RELEASE/spring-aspects-4.3.12.RELEASE.pom
Download https://repo.maven.apache.org/maven2/org/hibernate/hibernate-core/5.0.12.Final/hibernate-core-5.0.12.Final.pom
Download https://repo.maven.apache.org/maven2/org/springframework/data/build/spring-data-parent/1.9.8.RELEASE/spring-data-parent-1.9.8.RELEASE.pom
Download https://repo.maven.apache.org/maven2/com/netflix/eureka/eureka-client/1.7.0/eureka-client-1.7.0.pom
Download https://repo.maven.apache.org/maven2/org/springframework/cloud/spring-cloud-netflix-core/1.4.0.RELEASE/spring-cloud-netflix-core-1.4.0.RELEASE.pom
Download https://repo.maven.apache.org/maven2/org/springframework/cloud/spring-cloud-starter/1.3.0.RELEASE/spring-cloud-starter-1.3.0.RELEASE.pom
Download https://repo.maven.apache.org/maven2/org/springframework/cloud/spring-cloud-netflix-eureka-client/1.4.0.RELEASE/spring-cloud-netflix-eureka-client-1.4.0.RELEASE.pom
Download https://repo.maven.apache.org/maven2/org/springframework/cloud/spring-cloud-starter-netflix-archaius/1.4.0.RELEASE/spring-cloud-starter-netflix-archaius-1.4.0.RELEASE.pom
Download https://repo.maven.apache.org/maven2/org/springframework/cloud/spring-cloud-commons-parent/1.3.0.RELEASE/spring-cloud-commons-parent-1.3.0.RELEASE.pom
Download https://repo.maven.apache.org/maven2/com/netflix/ribbon/ribbon-eureka/2.2.4/ribbon-eureka-2.2.4.pom
Download https://repo.maven.apache.org/maven2/com/thoughtworks/xstream/xstream/1.4.9/xstream-1.4.9.pom
Download https://repo.maven.apache.org/maven2/org/springframework/cloud/spring-cloud-starter-netflix-ribbon/1.4.0.RELEASE/spring-cloud-starter-netflix-ribbon-1.4.0.RELEASE.pom
Download https://repo.maven.apache.org/maven2/com/thoughtworks/xstream/xstream-parent/1.4.9/xstream-parent-1.4.9.pom
Download https://repo.maven.apache.org/maven2/com/netflix/eureka/eureka-core/1.7.0/eureka-core-1.7.0.pom
Download https://repo.maven.apache.org/maven2/org/springframework/boot/spring-boot/1.5.8.RELEASE/spring-boot-1.5.8.RELEASE.pom
Download https://repo.maven.apache.org/maven2/org/yaml/snakeyaml/1.17/snakeyaml-1.17.pom
Download https://repo.maven.apache.org/maven2/org/springframework/boot/spring-boot-autoconfigure/1.5.8.RELEASE/spring-boot-autoconfigure-1.5.8.RELEASE.pom
Download https://repo.maven.apache.org/maven2/org/springframework/spring-core/4.3.12.RELEASE/spring-core-4.3.12.RELEASE.pom
Download https://repo.maven.apache.org/maven2/org/springframework/boot/spring-boot-starter-logging/1.5.8.RELEASE/spring-boot-starter-logging-1.5.8.RELEASE.pom
Download https://repo.maven.apache.org/maven2/org/apache/tomcat/embed/tomcat-embed-core/8.5.23/tomcat-embed-core-8.5.23.pom
Download https://repo.maven.apache.org/maven2/org/apache/tomcat/embed/tomcat-embed-websocket/8.5.23/tomcat-embed-websocket-8.5.23.pom
Download https://repo.maven.apache.org/maven2/org/apache/tomcat/embed/tomcat-embed-el/8.5.23/tomcat-embed-el-8.5.23.pom
Download https://repo.maven.apache.org/maven2/com/fasterxml/classmate/1.3.4/classmate-1.3.4.pom
Download https://repo.maven.apache.org/maven2/javax/validation/validation-api/1.1.0.Final/validation-api-1.1.0.Final.pom
Download https://repo.maven.apache.org/maven2/org/jboss/logging/jboss-logging/3.3.1.Final/jboss-logging-3.3.1.Final.pom
Download https://repo.maven.apache.org/maven2/org/jboss/jboss-parent/15/jboss-parent-15.pom
Download https://repo.maven.apache.org/maven2/com/fasterxml/oss-parent/24/oss-parent-24.pom
Download https://repo.maven.apache.org/maven2/com/fasterxml/jackson/core/jackson-annotations/2.8.0/jackson-annotations-2.8.0.pom
Download https://repo.maven.apache.org/maven2/com/fasterxml/jackson/core/jackson-core/2.8.10/jackson-core-2.8.10.pom
Download https://repo.maven.apache.org/maven2/org/springframework/spring-context/4.3.12.RELEASE/spring-context-4.3.12.RELEASE.pom
Download https://repo.maven.apache.org/maven2/org/springframework/spring-beans/4.3.12.RELEASE/spring-beans-4.3.12.RELEASE.pom
Download https://repo.maven.apache.org/maven2/org/springframework/spring-aop/4.3.12.RELEASE/spring-aop-4.3.12.RELEASE.pom
Download https://repo.maven.apache.org/maven2/org/springframework/spring-expression/4.3.12.RELEASE/spring-expression-4.3.12.RELEASE.pom
Download https://repo.maven.apache.org/maven2/org/aspectj/aspectjweaver/1.8.11/aspectjweaver-1.8.11.pom
Download https://repo.maven.apache.org/maven2/org/apache/tomcat/tomcat-jdbc/8.5.23/tomcat-jdbc-8.5.23.pom
Download https://repo.maven.apache.org/maven2/org/springframework/spring-jdbc/4.3.12.RELEASE/spring-jdbc-4.3.12.RELEASE.pom
Download https://repo.maven.apache.org/maven2/org/hibernate/javax/persistence/hibernate-jpa-2.1-api/1.0.0.Final/hibernate-jpa-2.1-api-1.0.0.Final.pom
Download https://repo.maven.apache.org/maven2/org/jboss/jandex/2.0.0.Final/jandex-2.0.0.Final.pom
Download https://repo.maven.apache.org/maven2/org/javassist/javassist/3.21.0-GA/javassist-3.21.0-GA.pom
Download https://repo.maven.apache.org/maven2/antlr/antlr/2.7.7/antlr-2.7.7.pom
Download https://repo.maven.apache.org/maven2/org/hibernate/common/hibernate-commons-annotations/5.0.1.Final/hibernate-commons-annotations-5.0.1.Final.pom
Download https://repo.maven.apache.org/maven2/dom4j/dom4j/1.6.1/dom4j-1.6.1.pom
Download https://repo.maven.apache.org/maven2/org/jboss/jboss-parent/12/jboss-parent-12.pom
Download https://repo.maven.apache.org/maven2/org/springframework/data/spring-data-commons/1.13.8.RELEASE/spring-data-commons-1.13.8.RELEASE.pom
Download https://repo.maven.apache.org/maven2/org/slf4j/slf4j-api/1.7.25/slf4j-api-1.7.25.pom
Download https://repo.maven.apache.org/maven2/org/springframework/spring-orm/4.3.12.RELEASE/spring-orm-4.3.12.RELEASE.pom
Download https://repo.maven.apache.org/maven2/org/springframework/spring-tx/4.3.12.RELEASE/spring-tx-4.3.12.RELEASE.pom
Download https://repo.maven.apache.org/maven2/org/slf4j/slf4j-parent/1.7.25/slf4j-parent-1.7.25.pom
Download https://repo.maven.apache.org/maven2/org/slf4j/jcl-over-slf4j/1.7.25/jcl-over-slf4j-1.7.25.pom
Download https://repo.maven.apache.org/maven2/org/springframework/cloud/spring-cloud-context/1.3.0.RELEASE/spring-cloud-context-1.3.0.RELEASE.pom
Download https://repo.maven.apache.org/maven2/org/springframework/security/spring-security-rsa/1.0.3.RELEASE/spring-security-rsa-1.0.3.RELEASE.pom
Download https://repo.maven.apache.org/maven2/org/springframework/cloud/spring-cloud-commons/1.3.0.RELEASE/spring-cloud-commons-1.3.0.RELEASE.pom
Download https://repo.maven.apache.org/maven2/com/netflix/netflix-commons/netflix-eventbus/0.3.0/netflix-eventbus-0.3.0.pom
Download https://repo.maven.apache.org/maven2/com/netflix/servo/servo-core/0.10.1/servo-core-0.10.1.pom
Download https://repo.maven.apache.org/maven2/com/netflix/archaius/archaius-core/0.7.4/archaius-core-0.7.4.pom
Download https://repo.maven.apache.org/maven2/javax/ws/rs/jsr311-api/1.1.1/jsr311-api-1.1.1.pom
Download https://repo.maven.apache.org/maven2/com/sun/jersey/jersey-core/1.19.1/jersey-core-1.19.1.pom
Download https://repo.maven.apache.org/maven2/com/sun/jersey/jersey-client/1.19.1/jersey-client-1.19.1.pom
Download https://repo.maven.apache.org/maven2/com/sun/jersey/contribs/jersey-apache-client4/1.19.1/jersey-apache-client4-1.19.1.pom
Download https://repo.maven.apache.org/maven2/org/apache/httpcomponents/httpclient/4.5.3/httpclient-4.5.3.pom
Download https://repo.maven.apache.org/maven2/com/sun/jersey/jersey-project/1.19.1/jersey-project-1.19.1.pom
Download https://repo.maven.apache.org/maven2/com/sun/jersey/contribs/jersey-contribs/1.19.1/jersey-contribs-1.19.1.pom
Download https://repo.maven.apache.org/maven2/org/apache/httpcomponents/httpcomponents-client/4.5.3/httpcomponents-client-4.5.3.pom
Download https://repo.maven.apache.org/maven2/net/java/jvnet-parent/4/jvnet-parent-4.pom
Download https://repo.maven.apache.org/maven2/org/apache/httpcomponents/project/7/project-7.pom
Download https://repo.maven.apache.org/maven2/org/apache/apache/13/apache-13.pom
Download https://repo.maven.apache.org/maven2/com/google/inject/guice/4.1.0/guice-4.1.0.pom
Download https://repo.maven.apache.org/maven2/org/codehaus/jettison/jettison/1.3.7/jettison-1.3.7.pom
Download https://repo.maven.apache.org/maven2/org/codehaus/codehaus-parent/3/codehaus-parent-3.pom
Download https://repo.maven.apache.org/maven2/com/google/inject/guice-parent/4.1.0/guice-parent-4.1.0.pom
Download https://repo.maven.apache.org/maven2/com/google/google/5/google-5.pom
Download https://repo.maven.apache.org/maven2/org/codehaus/woodstox/woodstox-core-asl/4.4.1/woodstox-core-asl-4.4.1.pom
Download https://repo.maven.apache.org/maven2/commons-configuration/commons-configuration/1.8/commons-configuration-1.8.pom
Download https://repo.maven.apache.org/maven2/com/google/guava/guava/18.0/guava-18.0.pom
Download https://repo.maven.apache.org/maven2/org/apache/commons/commons-parent/23/commons-parent-23.pom
Download https://repo.maven.apache.org/maven2/com/google/guava/guava-parent/18.0/guava-parent-18.0.pom
Download https://repo.maven.apache.org/maven2/io/reactivex/rxjava/1.2.0/rxjava-1.2.0.pom
Download https://repo.maven.apache.org/maven2/com/netflix/ribbon/ribbon-loadbalancer/2.2.4/ribbon-loadbalancer-2.2.4.pom
Download https://repo.maven.apache.org/maven2/com/netflix/ribbon/ribbon/2.2.4/ribbon-2.2.4.pom
Download https://repo.maven.apache.org/maven2/com/netflix/ribbon/ribbon-httpclient/2.2.4/ribbon-httpclient-2.2.4.pom
Download https://repo.maven.apache.org/maven2/com/netflix/ribbon/ribbon-core/2.2.4/ribbon-core-2.2.4.pom
Download https://repo.maven.apache.org/maven2/xmlpull/xmlpull/1.1.3.1/xmlpull-1.1.3.1.pom
Download https://repo.maven.apache.org/maven2/xpp3/xpp3_min/1.1.4c/xpp3_min-1.1.4c.pom
Download https://repo.maven.apache.org/maven2/org/slf4j/jul-to-slf4j/1.7.25/jul-to-slf4j-1.7.25.pom
Download https://repo.maven.apache.org/maven2/org/slf4j/log4j-over-slf4j/1.7.25/log4j-over-slf4j-1.7.25.pom
Download https://repo.maven.apache.org/maven2/ch/qos/logback/logback-classic/1.1.11/logback-classic-1.1.11.pom
Download https://repo.maven.apache.org/maven2/ch/qos/logback/logback-parent/1.1.11/logback-parent-1.1.11.pom
Download https://repo.maven.apache.org/maven2/commons-logging/commons-logging/1.2/commons-logging-1.2.pom
Download https://repo.maven.apache.org/maven2/org/apache/commons/commons-parent/34/commons-parent-34.pom
Download https://repo.maven.apache.org/maven2/org/apache/tomcat/tomcat-annotations-api/8.5.23/tomcat-annotations-api-8.5.23.pom
Download https://repo.maven.apache.org/maven2/org/apache/tomcat/tomcat-juli/8.5.23/tomcat-juli-8.5.23.pom
Download https://repo.maven.apache.org/maven2/xml-apis/xml-apis/1.4.01/xml-apis-1.4.01.pom
Download https://repo.maven.apache.org/maven2/org/springframework/security/spring-security-crypto/4.2.3.RELEASE/spring-security-crypto-4.2.3.RELEASE.pom
Download https://repo.maven.apache.org/maven2/org/springframework/spring-framework-bom/4.3.9.RELEASE/spring-framework-bom-4.3.9.RELEASE.pom
Download https://repo.maven.apache.org/maven2/org/bouncycastle/bcpkix-jdk15on/1.55/bcpkix-jdk15on-1.55.pom
Download https://repo.maven.apache.org/maven2/stax/stax-api/1.0.1/stax-api-1.0.1.pom
Download https://repo.maven.apache.org/maven2/org/apache/commons/commons-math/2.2/commons-math-2.2.pom
Download https://repo.maven.apache.org/maven2/com/netflix/netflix-commons/netflix-infix/0.3.0/netflix-infix-0.3.0.pom
Download https://repo.maven.apache.org/maven2/org/apache/commons/commons-parent/18/commons-parent-18.pom
Download https://repo.maven.apache.org/maven2/org/apache/apache/7/apache-7.pom
Download https://repo.maven.apache.org/maven2/com/google/code/findbugs/jsr305/3.0.1/jsr305-3.0.1.pom
Download https://repo.maven.apache.org/maven2/com/netflix/servo/servo-internal/0.10.1/servo-internal-0.10.1.pom
Download https://repo.maven.apache.org/maven2/commons-codec/commons-codec/1.10/commons-codec-1.10.pom
Download https://repo.maven.apache.org/maven2/org/apache/httpcomponents/httpcore/4.4.8/httpcore-4.4.8.pom
Download https://repo.maven.apache.org/maven2/org/apache/commons/commons-parent/35/commons-parent-35.pom
Download https://repo.maven.apache.org/maven2/org/apache/httpcomponents/httpcomponents-core/4.4.8/httpcomponents-core-4.4.8.pom
Download https://repo.maven.apache.org/maven2/org/apache/httpcomponents/httpcomponents-parent/9/httpcomponents-parent-9.pom
Download https://repo.maven.apache.org/maven2/org/apache/apache/15/apache-15.pom
Download https://repo.maven.apache.org/maven2/javax/inject/javax.inject/1/javax.inject-1.pom
Download https://repo.maven.apache.org/maven2/aopalliance/aopalliance/1.0/aopalliance-1.0.pom
Download https://repo.maven.apache.org/maven2/javax/xml/stream/stax-api/1.0-2/stax-api-1.0-2.pom
Download https://repo.maven.apache.org/maven2/org/codehaus/woodstox/stax2-api/3.1.4/stax2-api-3.1.4.pom
Download https://repo.maven.apache.org/maven2/commons-lang/commons-lang/2.6/commons-lang-2.6.pom
Download https://repo.maven.apache.org/maven2/org/apache/commons/commons-parent/17/commons-parent-17.pom
Download https://repo.maven.apache.org/maven2/com/netflix/hystrix/hystrix-core/1.5.12/hystrix-core-1.5.12.pom
Download https://repo.maven.apache.org/maven2/io/reactivex/rxnetty/0.4.9/rxnetty-0.4.9.pom
Download https://repo.maven.apache.org/maven2/com/netflix/ribbon/ribbon-transport/2.2.4/ribbon-transport-2.2.4.pom
Download https://repo.maven.apache.org/maven2/com/google/code/findbugs/annotations/2.0.0/annotations-2.0.0.pom
Download https://repo.maven.apache.org/maven2/commons-collections/commons-collections/3.2.2/commons-collections-3.2.2.pom
Download https://repo.maven.apache.org/maven2/com/netflix/netflix-commons/netflix-commons-util/0.1.1/netflix-commons-util-0.1.1.pom
Download https://repo.maven.apache.org/maven2/org/apache/commons/commons-parent/39/commons-parent-39.pom
Download https://repo.maven.apache.org/maven2/org/apache/apache/16/apache-16.pom
Download https://repo.maven.apache.org/maven2/com/netflix/netflix-commons/netflix-statistics/0.1.1/netflix-statistics-0.1.1.pom
Download https://repo.maven.apache.org/maven2/ch/qos/logback/logback-core/1.1.11/logback-core-1.1.11.pom
Download https://repo.maven.apache.org/maven2/org/bouncycastle/bcprov-jdk15on/1.55/bcprov-jdk15on-1.55.pom
Download https://repo.maven.apache.org/maven2/com/google/code/gson/gson/2.8.2/gson-2.8.2.pom
Download https://repo.maven.apache.org/maven2/joda-time/joda-time/2.9.9/joda-time-2.9.9.pom
Download https://repo.maven.apache.org/maven2/org/antlr/antlr-runtime/3.4/antlr-runtime-3.4.pom
Download https://repo.maven.apache.org/maven2/commons-jxpath/commons-jxpath/1.3/commons-jxpath-1.3.pom
Download https://repo.maven.apache.org/maven2/org/antlr/antlr-master/3.4/antlr-master-3.4.pom
Download https://repo.maven.apache.org/maven2/com/google/code/gson/gson-parent/2.8.2/gson-parent-2.8.2.pom
Download https://repo.maven.apache.org/maven2/org/apache/commons/commons-parent/11/commons-parent-11.pom
Download https://repo.maven.apache.org/maven2/org/apache/apache/4/apache-4.pom
Download https://repo.maven.apache.org/maven2/io/reactivex/rxnetty-contexts/0.4.9/rxnetty-contexts-0.4.9.pom
Download https://repo.maven.apache.org/maven2/io/reactivex/rxnetty-servo/0.4.9/rxnetty-servo-0.4.9.pom
Download https://repo.maven.apache.org/maven2/org/hdrhistogram/HdrHistogram/2.1.9/HdrHistogram-2.1.9.pom
Download https://repo.maven.apache.org/maven2/io/netty/netty-codec-http/4.0.27.Final/netty-codec-http-4.0.27.Final.pom
Download https://repo.maven.apache.org/maven2/io/netty/netty-transport-native-epoll/4.0.27.Final/netty-transport-native-epoll-4.0.27.Final.pom
Download https://repo.maven.apache.org/maven2/io/netty/netty-parent/4.0.27.Final/netty-parent-4.0.27.Final.pom
Download https://repo.maven.apache.org/maven2/org/sonatype/oss/oss-parent/9/oss-parent-9.pom
Download https://repo.maven.apache.org/maven2/org/antlr/stringtemplate/3.2.1/stringtemplate-3.2.1.pom
Download https://repo.maven.apache.org/maven2/io/netty/netty-handler/4.1.23.Final/netty-handler-4.1.23.Final.pom
Download https://repo.maven.apache.org/maven2/io/netty/netty-codec/4.1.23.Final/netty-codec-4.1.23.Final.pom
Download https://repo.maven.apache.org/maven2/io/netty/netty-parent/4.1.23.Final/netty-parent-4.1.23.Final.pom
Download https://repo.maven.apache.org/maven2/io/netty/netty-common/4.1.23.Final/netty-common-4.1.23.Final.pom
Download https://repo.maven.apache.org/maven2/io/netty/netty-buffer/4.1.23.Final/netty-buffer-4.1.23.Final.pom
Download https://repo.maven.apache.org/maven2/io/netty/netty-transport/4.1.23.Final/netty-transport-4.1.23.Final.pom
Download https://repo.maven.apache.org/maven2/io/netty/netty-resolver/4.1.23.Final/netty-resolver-4.1.23.Final.pom
Download https://repo.maven.apache.org/maven2/org/springframework/cloud/spring-cloud-starter-eureka/1.4.0.RELEASE/spring-cloud-starter-eureka-1.4.0.RELEASE.jar
Download https://repo.maven.apache.org/maven2/org/springframework/cloud/spring-cloud-starter-netflix-eureka-client/1.4.0.RELEASE/spring-cloud-starter-netflix-eureka-client-1.4.0.RELEASE.jar
Download https://repo.maven.apache.org/maven2/org/springframework/boot/spring-boot-starter-web/1.5.8.RELEASE/spring-boot-starter-web-1.5.8.RELEASE.jar
Download https://repo.maven.apache.org/maven2/org/springframework/boot/spring-boot-starter-data-jpa/1.5.8.RELEASE/spring-boot-starter-data-jpa-1.5.8.RELEASE.jar
Download https://repo.maven.apache.org/maven2/org/projectlombok/lombok/1.16.14/lombok-1.16.14.jar
Download https://repo.maven.apache.org/maven2/org/springframework/boot/spring-boot-starter-aop/1.5.8.RELEASE/spring-boot-starter-aop-1.5.8.RELEASE.jar
Download https://repo.maven.apache.org/maven2/org/springframework/boot/spring-boot-starter-jdbc/1.5.8.RELEASE/spring-boot-starter-jdbc-1.5.8.RELEASE.jar
Download https://repo.maven.apache.org/maven2/org/springframework/cloud/spring-cloud-starter-netflix-ribbon/1.4.0.RELEASE/spring-cloud-starter-netflix-ribbon-1.4.0.RELEASE.jar
Download https://repo.maven.apache.org/maven2/org/springframework/cloud/spring-cloud-starter/1.3.0.RELEASE/spring-cloud-starter-1.3.0.RELEASE.jar
Download https://repo.maven.apache.org/maven2/org/springframework/cloud/spring-cloud-starter-netflix-archaius/1.4.0.RELEASE/spring-cloud-starter-netflix-archaius-1.4.0.RELEASE.jar
Download https://repo.maven.apache.org/maven2/org/springframework/boot/spring-boot-starter/1.5.8.RELEASE/spring-boot-starter-1.5.8.RELEASE.jar
Download https://repo.maven.apache.org/maven2/org/springframework/boot/spring-boot-starter-tomcat/1.5.8.RELEASE/spring-boot-starter-tomcat-1.5.8.RELEASE.jar
Download https://repo.maven.apache.org/maven2/org/hibernate/hibernate-validator/5.3.5.Final/hibernate-validator-5.3.5.Final.jar
Download https://repo.maven.apache.org/maven2/com/netflix/ribbon/ribbon-eureka/2.2.4/ribbon-eureka-2.2.4.jar
Download https://repo.maven.apache.org/maven2/com/netflix/eureka/eureka-core/1.7.0/eureka-core-1.7.0.jar
Download https://repo.maven.apache.org/maven2/com/netflix/eureka/eureka-client/1.7.0/eureka-client-1.7.0.jar
Download https://repo.maven.apache.org/maven2/com/netflix/netflix-commons/netflix-eventbus/0.3.0/netflix-eventbus-0.3.0.jar
Download https://repo.maven.apache.org/maven2/com/netflix/ribbon/ribbon-httpclient/2.2.4/ribbon-httpclient-2.2.4.jar
Download https://repo.maven.apache.org/maven2/com/netflix/ribbon/ribbon/2.2.4/ribbon-2.2.4.jar
Download https://repo.maven.apache.org/maven2/com/netflix/ribbon/ribbon-transport/2.2.4/ribbon-transport-2.2.4.jar
Download https://repo.maven.apache.org/maven2/com/netflix/ribbon/ribbon-loadbalancer/2.2.4/ribbon-loadbalancer-2.2.4.jar
Download https://repo.maven.apache.org/maven2/com/netflix/archaius/archaius-core/0.7.4/archaius-core-0.7.4.jar
Download https://repo.maven.apache.org/maven2/com/netflix/hystrix/hystrix-core/1.5.12/hystrix-core-1.5.12.jar
Download https://repo.maven.apache.org/maven2/com/netflix/ribbon/ribbon-core/2.2.4/ribbon-core-2.2.4.jar
Download https://repo.maven.apache.org/maven2/com/fasterxml/jackson/core/jackson-databind/2.8.10/jackson-databind-2.8.10.jar
Download https://repo.maven.apache.org/maven2/org/springframework/spring-webmvc/4.3.12.RELEASE/spring-webmvc-4.3.12.RELEASE.jar
Download https://repo.maven.apache.org/maven2/org/springframework/spring-web/4.3.12.RELEASE/spring-web-4.3.12.RELEASE.jar
Download https://repo.maven.apache.org/maven2/org/hibernate/hibernate-entitymanager/5.0.12.Final/hibernate-entitymanager-5.0.12.Final.jar
Download https://repo.maven.apache.org/maven2/org/hibernate/hibernate-core/5.0.12.Final/hibernate-core-5.0.12.Final.jar
Download https://repo.maven.apache.org/maven2/javax/transaction/javax.transaction-api/1.2/javax.transaction-api-1.2.jar
Download https://repo.maven.apache.org/maven2/org/springframework/spring-aspects/4.3.12.RELEASE/spring-aspects-4.3.12.RELEASE.jar
Download https://repo.maven.apache.org/maven2/org/springframework/cloud/spring-cloud-netflix-eureka-client/1.4.0.RELEASE/spring-cloud-netflix-eureka-client-1.4.0.RELEASE.jar
Download https://repo.maven.apache.org/maven2/org/springframework/data/spring-data-jpa/1.11.8.RELEASE/spring-data-jpa-1.11.8.RELEASE.jar
Download https://repo.maven.apache.org/maven2/org/springframework/cloud/spring-cloud-netflix-core/1.4.0.RELEASE/spring-cloud-netflix-core-1.4.0.RELEASE.jar
Download https://repo.maven.apache.org/maven2/com/thoughtworks/xstream/xstream/1.4.9/xstream-1.4.9.jar
Download https://repo.maven.apache.org/maven2/org/springframework/boot/spring-boot-autoconfigure/1.5.8.RELEASE/spring-boot-autoconfigure-1.5.8.RELEASE.jar
Download https://repo.maven.apache.org/maven2/org/springframework/boot/spring-boot/1.5.8.RELEASE/spring-boot-1.5.8.RELEASE.jar
Download https://repo.maven.apache.org/maven2/org/springframework/boot/spring-boot-starter-logging/1.5.8.RELEASE/spring-boot-starter-logging-1.5.8.RELEASE.jar
Download https://repo.maven.apache.org/maven2/org/springframework/spring-context/4.3.12.RELEASE/spring-context-4.3.12.RELEASE.jar
Download https://repo.maven.apache.org/maven2/org/springframework/spring-aop/4.3.12.RELEASE/spring-aop-4.3.12.RELEASE.jar
Download https://repo.maven.apache.org/maven2/org/springframework/spring-orm/4.3.12.RELEASE/spring-orm-4.3.12.RELEASE.jar
Download https://repo.maven.apache.org/maven2/org/springframework/spring-jdbc/4.3.12.RELEASE/spring-jdbc-4.3.12.RELEASE.jar
Download https://repo.maven.apache.org/maven2/org/springframework/spring-tx/4.3.12.RELEASE/spring-tx-4.3.12.RELEASE.jar
Download https://repo.maven.apache.org/maven2/org/springframework/data/spring-data-commons/1.13.8.RELEASE/spring-data-commons-1.13.8.RELEASE.jar
Download https://repo.maven.apache.org/maven2/org/springframework/spring-expression/4.3.12.RELEASE/spring-expression-4.3.12.RELEASE.jar
Download https://repo.maven.apache.org/maven2/org/springframework/spring-beans/4.3.12.RELEASE/spring-beans-4.3.12.RELEASE.jar
Download https://repo.maven.apache.org/maven2/org/springframework/spring-core/4.3.12.RELEASE/spring-core-4.3.12.RELEASE.jar
Download https://repo.maven.apache.org/maven2/org/yaml/snakeyaml/1.17/snakeyaml-1.17.jar
Download https://repo.maven.apache.org/maven2/org/apache/tomcat/embed/tomcat-embed-websocket/8.5.23/tomcat-embed-websocket-8.5.23.jar
Download https://repo.maven.apache.org/maven2/org/apache/tomcat/embed/tomcat-embed-core/8.5.23/tomcat-embed-core-8.5.23.jar
Download https://repo.maven.apache.org/maven2/javax/validation/validation-api/1.1.0.Final/validation-api-1.1.0.Final.jar
Download https://repo.maven.apache.org/maven2/org/apache/tomcat/embed/tomcat-embed-el/8.5.23/tomcat-embed-el-8.5.23.jar
Download https://repo.maven.apache.org/maven2/org/hibernate/common/hibernate-commons-annotations/5.0.1.Final/hibernate-commons-annotations-5.0.1.Final.jar
Download https://repo.maven.apache.org/maven2/com/fasterxml/classmate/1.3.4/classmate-1.3.4.jar
Download https://repo.maven.apache.org/maven2/org/jboss/logging/jboss-logging/3.3.1.Final/jboss-logging-3.3.1.Final.jar
Download https://repo.maven.apache.org/maven2/com/fasterxml/jackson/core/jackson-annotations/2.8.0/jackson-annotations-2.8.0.jar
Download https://repo.maven.apache.org/maven2/org/apache/tomcat/tomcat-jdbc/8.5.23/tomcat-jdbc-8.5.23.jar
Download https://repo.maven.apache.org/maven2/org/aspectj/aspectjweaver/1.8.11/aspectjweaver-1.8.11.jar
Download https://repo.maven.apache.org/maven2/com/fasterxml/jackson/core/jackson-core/2.8.10/jackson-core-2.8.10.jar
Download https://repo.maven.apache.org/maven2/org/hibernate/javax/persistence/hibernate-jpa-2.1-api/1.0.0.Final/hibernate-jpa-2.1-api-1.0.0.Final.jar
Download https://repo.maven.apache.org/maven2/org/javassist/javassist/3.21.0-GA/javassist-3.21.0-GA.jar
Download https://repo.maven.apache.org/maven2/com/netflix/netflix-commons/netflix-infix/0.3.0/netflix-infix-0.3.0.jar
Download https://repo.maven.apache.org/maven2/org/antlr/antlr-runtime/3.4/antlr-runtime-3.4.jar
Download https://repo.maven.apache.org/maven2/antlr/antlr/2.7.7/antlr-2.7.7.jar
Download https://repo.maven.apache.org/maven2/org/jboss/jandex/2.0.0.Final/jandex-2.0.0.Final.jar
Download https://repo.maven.apache.org/maven2/dom4j/dom4j/1.6.1/dom4j-1.6.1.jar
Download https://repo.maven.apache.org/maven2/org/antlr/stringtemplate/3.2.1/stringtemplate-3.2.1.jar
Download https://repo.maven.apache.org/maven2/org/slf4j/jcl-over-slf4j/1.7.25/jcl-over-slf4j-1.7.25.jar
Download https://repo.maven.apache.org/maven2/org/slf4j/jul-to-slf4j/1.7.25/jul-to-slf4j-1.7.25.jar
Download https://repo.maven.apache.org/maven2/ch/qos/logback/logback-classic/1.1.11/logback-classic-1.1.11.jar
Download https://repo.maven.apache.org/maven2/io/reactivex/rxnetty-contexts/0.4.9/rxnetty-contexts-0.4.9.jar
Download https://repo.maven.apache.org/maven2/org/slf4j/log4j-over-slf4j/1.7.25/log4j-over-slf4j-1.7.25.jar
Download https://repo.maven.apache.org/maven2/io/reactivex/rxnetty-servo/0.4.9/rxnetty-servo-0.4.9.jar
Download https://repo.maven.apache.org/maven2/com/netflix/servo/servo-internal/0.10.1/servo-internal-0.10.1.jar
Download https://repo.maven.apache.org/maven2/com/netflix/netflix-commons/netflix-commons-util/0.1.1/netflix-commons-util-0.1.1.jar
Download https://repo.maven.apache.org/maven2/com/netflix/servo/servo-core/0.10.1/servo-core-0.10.1.jar
Download https://repo.maven.apache.org/maven2/io/reactivex/rxnetty/0.4.9/rxnetty-0.4.9.jar
Download https://repo.maven.apache.org/maven2/com/netflix/netflix-commons/netflix-statistics/0.1.1/netflix-statistics-0.1.1.jar
Download https://repo.maven.apache.org/maven2/org/slf4j/slf4j-api/1.7.25/slf4j-api-1.7.25.jar
Download https://repo.maven.apache.org/maven2/org/springframework/cloud/spring-cloud-commons/1.3.0.RELEASE/spring-cloud-commons-1.3.0.RELEASE.jar
Download https://repo.maven.apache.org/maven2/org/codehaus/jettison/jettison/1.3.7/jettison-1.3.7.jar
Download https://repo.maven.apache.org/maven2/org/springframework/cloud/spring-cloud-context/1.3.0.RELEASE/spring-cloud-context-1.3.0.RELEASE.jar
Download https://repo.maven.apache.org/maven2/com/sun/jersey/contribs/jersey-apache-client4/1.19.1/jersey-apache-client4-1.19.1.jar
Download https://repo.maven.apache.org/maven2/org/springframework/security/spring-security-rsa/1.0.3.RELEASE/spring-security-rsa-1.0.3.RELEASE.jar
Download https://repo.maven.apache.org/maven2/com/sun/jersey/jersey-core/1.19.1/jersey-core-1.19.1.jar
Download https://repo.maven.apache.org/maven2/javax/ws/rs/jsr311-api/1.1.1/jsr311-api-1.1.1.jar
Download https://repo.maven.apache.org/maven2/com/sun/jersey/jersey-client/1.19.1/jersey-client-1.19.1.jar
Download https://repo.maven.apache.org/maven2/org/apache/httpcomponents/httpclient/4.5.3/httpclient-4.5.3.jar
Download https://repo.maven.apache.org/maven2/com/google/inject/guice/4.1.0/guice-4.1.0.jar
Download https://repo.maven.apache.org/maven2/org/codehaus/woodstox/woodstox-core-asl/4.4.1/woodstox-core-asl-4.4.1.jar
Download https://repo.maven.apache.org/maven2/com/google/guava/guava/18.0/guava-18.0.jar
Download https://repo.maven.apache.org/maven2/commons-configuration/commons-configuration/1.8/commons-configuration-1.8.jar
Download https://repo.maven.apache.org/maven2/xmlpull/xmlpull/1.1.3.1/xmlpull-1.1.3.1.jar
Download https://repo.maven.apache.org/maven2/io/reactivex/rxjava/1.2.0/rxjava-1.2.0.jar
Download https://repo.maven.apache.org/maven2/xpp3/xpp3_min/1.1.4c/xpp3_min-1.1.4c.jar
Download https://repo.maven.apache.org/maven2/org/apache/tomcat/tomcat-annotations-api/8.5.23/tomcat-annotations-api-8.5.23.jar
Download https://repo.maven.apache.org/maven2/org/springframework/security/spring-security-crypto/4.2.3.RELEASE/spring-security-crypto-4.2.3.RELEASE.jar
Download https://repo.maven.apache.org/maven2/org/apache/tomcat/tomcat-juli/8.5.23/tomcat-juli-8.5.23.jar
Download https://repo.maven.apache.org/maven2/org/bouncycastle/bcpkix-jdk15on/1.55/bcpkix-jdk15on-1.55.jar
Download https://repo.maven.apache.org/maven2/stax/stax-api/1.0.1/stax-api-1.0.1.jar
Download https://repo.maven.apache.org/maven2/org/apache/commons/commons-math/2.2/commons-math-2.2.jar
Download https://repo.maven.apache.org/maven2/org/apache/httpcomponents/httpcore/4.4.8/httpcore-4.4.8.jar
Download https://repo.maven.apache.org/maven2/commons-codec/commons-codec/1.10/commons-codec-1.10.jar
Download https://repo.maven.apache.org/maven2/javax/inject/javax.inject/1/javax.inject-1.jar
Download https://repo.maven.apache.org/maven2/javax/xml/stream/stax-api/1.0-2/stax-api-1.0-2.jar
Download https://repo.maven.apache.org/maven2/aopalliance/aopalliance/1.0/aopalliance-1.0.jar
Download https://repo.maven.apache.org/maven2/org/codehaus/woodstox/stax2-api/3.1.4/stax2-api-3.1.4.jar
Download https://repo.maven.apache.org/maven2/commons-lang/commons-lang/2.6/commons-lang-2.6.jar
Download https://repo.maven.apache.org/maven2/ch/qos/logback/logback-core/1.1.11/logback-core-1.1.11.jar
Download https://repo.maven.apache.org/maven2/commons-collections/commons-collections/3.2.2/commons-collections-3.2.2.jar
Download https://repo.maven.apache.org/maven2/org/bouncycastle/bcprov-jdk15on/1.55/bcprov-jdk15on-1.55.jar
Download https://repo.maven.apache.org/maven2/com/google/code/gson/gson/2.8.2/gson-2.8.2.jar
Download https://repo.maven.apache.org/maven2/joda-time/joda-time/2.9.9/joda-time-2.9.9.jar
Download https://repo.maven.apache.org/maven2/commons-jxpath/commons-jxpath/1.3/commons-jxpath-1.3.jar
Download https://repo.maven.apache.org/maven2/io/netty/netty-codec-http/4.0.27.Final/netty-codec-http-4.0.27.Final.jar
Download https://repo.maven.apache.org/maven2/org/hdrhistogram/HdrHistogram/2.1.9/HdrHistogram-2.1.9.jar
Download https://repo.maven.apache.org/maven2/io/netty/netty-transport-native-epoll/4.0.27.Final/netty-transport-native-epoll-4.0.27.Final.jar
Download https://repo.maven.apache.org/maven2/io/netty/netty-codec/4.1.23.Final/netty-codec-4.1.23.Final.jar
Download https://repo.maven.apache.org/maven2/io/netty/netty-transport/4.1.23.Final/netty-transport-4.1.23.Final.jar
Download https://repo.maven.apache.org/maven2/io/netty/netty-handler/4.1.23.Final/netty-handler-4.1.23.Final.jar
Download https://repo.maven.apache.org/maven2/io/netty/netty-buffer/4.1.23.Final/netty-buffer-4.1.23.Final.jar
Download https://repo.maven.apache.org/maven2/io/netty/netty-resolver/4.1.23.Final/netty-resolver-4.1.23.Final.jar
Download https://repo.maven.apache.org/maven2/io/netty/netty-common/4.1.23.Final/netty-common-4.1.23.Final.jar
Download https://repo.maven.apache.org/maven2/org/flywaydb/flyway-core/3.2.1/flyway-core-3.2.1.jar
:processResources
:classes
:bootRun
Download https://repo.maven.apache.org/maven2/org/springframework/boot/spring-boot-devtools/1.5.8.RELEASE/spring-boot-devtools-1.5.8.RELEASE.pom
Download https://repo.maven.apache.org/maven2/org/postgresql/postgresql/9.4.1212.jre7/postgresql-9.4.1212.jre7.pom
Download https://repo.maven.apache.org/maven2/org/postgresql/pgjdbc-core-prevjre/1.1.2/pgjdbc-core-prevjre-1.1.2.pom
Download https://repo.maven.apache.org/maven2/org/postgresql/pgjdbc-core-parent/1.1.2/pgjdbc-core-parent-1.1.2.pom
Download https://repo.maven.apache.org/maven2/org/postgresql/pgjdbc-versions/1.1.2/pgjdbc-versions-1.1.2.pom
Download https://repo.maven.apache.org/maven2/org/postgresql/postgresql/9.4.1212.jre7/postgresql-9.4.1212.jre7.jar
Download https://repo.maven.apache.org/maven2/org/springframework/boot/spring-boot-devtools/1.5.8.RELEASE/spring-boot-devtools-1.5.8.RELEASE.jar
23:36:32.747 [main] DEBUG org.springframework.boot.devtools.settings.DevToolsSettings - Included patterns for restart : []
23:36:32.750 [main] DEBUG org.springframework.boot.devtools.settings.DevToolsSettings - Excluded patterns for restart : [/spring-boot-starter/target/classes/, /spring-boot-autoconfigure/target/classes/, /spring-boot-starter-[\w-]+/, /spring-boot/target/classes/, /spring-boot-actuator/target/classes/, /spring-boot-devtools/target/classes/]
23:36:32.750 [main] DEBUG org.springframework.boot.devtools.restart.ChangeableUrls - Matching URLs for reloading : [file:/app/build/classes/java/main/, file:/app/build/resources/main/]
2018-05-08 23:36:34.316  INFO 81 --- [  restartedMain] s.c.a.AnnotationConfigApplicationContext : Refreshing org.springframework.context.annotation.AnnotationConfigApplicationContext@75407877: startup date [Tue May 08 23:36:34 GMT 2018]; root of context hierarchy
2018-05-08 23:36:34.844  INFO 81 --- [  restartedMain] f.a.AutowiredAnnotationBeanPostProcessor : JSR-330 'javax.inject.Inject' annotation found and supported for autowiring
2018-05-08 23:36:34.992  INFO 81 --- [  restartedMain] trationDelegate$BeanPostProcessorChecker : Bean 'configurationPropertiesRebinderAutoConfiguration' of type [org.springframework.cloud.autoconfigure.ConfigurationPropertiesRebinderAutoConfiguration$$EnhancerBySpringCGLIB$$d030e939] is not eligible for getting processed by all BeanPostProcessors (for example: not eligible for auto-proxying)

  .   ____          _            __ _ _
 /\\ / ___'_ __ _ _(_)_ __  __ _ \ \ \ \
( ( )\___ | '_ | '_| | '_ \/ _` | \ \ \ \
 \\/  ___)| |_)| | | | | || (_| |  ) ) ) )
  '  |____| .__|_| |_|_| |_\__, | / / / /
 =========|_|==============|___/=/_/_/_/
[32m :: Spring Boot :: [39m      [2m (v1.5.8.RELEASE)[0;39m

[2m2018-05-08 23:36:35.621[0;39m [32m INFO[0;39m [35m81[0;39m [2m---[0;39m [2m[  restartedMain][0;39m [36mc.example.songsapi.SongsApiApplication  [0;39m [2m:[0;39m The following profiles are active: dev
[2m2018-05-08 23:36:35.664[0;39m [32m INFO[0;39m [35m81[0;39m [2m---[0;39m [2m[  restartedMain][0;39m [36mationConfigEmbeddedWebApplicationContext[0;39m [2m:[0;39m Refreshing org.springframework.boot.context.embedded.AnnotationConfigEmbeddedWebApplicationContext@5b541f17: startup date [Tue May 08 23:36:35 GMT 2018]; parent: org.springframework.context.annotation.AnnotationConfigApplicationContext@75407877
[2m2018-05-08 23:36:37.210[0;39m [32m INFO[0;39m [35m81[0;39m [2m---[0;39m [2m[  restartedMain][0;39m [36mo.s.cloud.context.scope.GenericScope    [0;39m [2m:[0;39m BeanFactory id=a10f49d8-92b8-34b5-97e9-1997063cfac9
[2m2018-05-08 23:36:37.275[0;39m [32m INFO[0;39m [35m81[0;39m [2m---[0;39m [2m[  restartedMain][0;39m [36mf.a.AutowiredAnnotationBeanPostProcessor[0;39m [2m:[0;39m JSR-330 'javax.inject.Inject' annotation found and supported for autowiring
[2m2018-05-08 23:36:37.569[0;39m [32m INFO[0;39m [35m81[0;39m [2m---[0;39m [2m[  restartedMain][0;39m [36mtrationDelegate$BeanPostProcessorChecker[0;39m [2m:[0;39m Bean 'org.springframework.transaction.annotation.ProxyTransactionManagementConfiguration' of type [org.springframework.transaction.annotation.ProxyTransactionManagementConfiguration$$EnhancerBySpringCGLIB$$b416e63c] is not eligible for getting processed by all BeanPostProcessors (for example: not eligible for auto-proxying)
[2m2018-05-08 23:36:37.611[0;39m [32m INFO[0;39m [35m81[0;39m [2m---[0;39m [2m[  restartedMain][0;39m [36mtrationDelegate$BeanPostProcessorChecker[0;39m [2m:[0;39m Bean 'org.springframework.cloud.autoconfigure.ConfigurationPropertiesRebinderAutoConfiguration' of type [org.springframework.cloud.autoconfigure.ConfigurationPropertiesRebinderAutoConfiguration$$EnhancerBySpringCGLIB$$d030e939] is not eligible for getting processed by all BeanPostProcessors (for example: not eligible for auto-proxying)
[2m2018-05-08 23:36:38.422[0;39m [32m INFO[0;39m [35m81[0;39m [2m---[0;39m [2m[  restartedMain][0;39m [36ms.b.c.e.t.TomcatEmbeddedServletContainer[0;39m [2m:[0;39m Tomcat initialized with port(s): 8082 (http)
[2m2018-05-08 23:36:38.436[0;39m [32m INFO[0;39m [35m81[0;39m [2m---[0;39m [2m[  restartedMain][0;39m [36mo.apache.catalina.core.StandardService  [0;39m [2m:[0;39m Starting service [Tomcat]
[2m2018-05-08 23:36:38.438[0;39m [32m INFO[0;39m [35m81[0;39m [2m---[0;39m [2m[  restartedMain][0;39m [36morg.apache.catalina.core.StandardEngine [0;39m [2m:[0;39m Starting Servlet Engine: Apache Tomcat/8.5.23
[2m2018-05-08 23:36:39.067[0;39m [32m INFO[0;39m [35m81[0;39m [2m---[0;39m [2m[ost-startStop-1][0;39m [36mo.a.c.c.C.[Tomcat].[localhost].[/]      [0;39m [2m:[0;39m Initializing Spring embedded WebApplicationContext
[2m2018-05-08 23:36:39.068[0;39m [32m INFO[0;39m [35m81[0;39m [2m---[0;39m [2m[ost-startStop-1][0;39m [36mo.s.web.context.ContextLoader           [0;39m [2m:[0;39m Root WebApplicationContext: initialization completed in 3404 ms
[2m2018-05-08 23:36:39.290[0;39m [32m INFO[0;39m [35m81[0;39m [2m---[0;39m [2m[ost-startStop-1][0;39m [36mo.s.b.w.servlet.ServletRegistrationBean [0;39m [2m:[0;39m Mapping servlet: 'dispatcherServlet' to [/]
[2m2018-05-08 23:36:39.295[0;39m [32m INFO[0;39m [35m81[0;39m [2m---[0;39m [2m[ost-startStop-1][0;39m [36mo.s.b.w.servlet.FilterRegistrationBean  [0;39m [2m:[0;39m Mapping filter: 'characterEncodingFilter' to: [/*]
[2m2018-05-08 23:36:39.295[0;39m [32m INFO[0;39m [35m81[0;39m [2m---[0;39m [2m[ost-startStop-1][0;39m [36mo.s.b.w.servlet.FilterRegistrationBean  [0;39m [2m:[0;39m Mapping filter: 'hiddenHttpMethodFilter' to: [/*]
[2m2018-05-08 23:36:39.295[0;39m [32m INFO[0;39m [35m81[0;39m [2m---[0;39m [2m[ost-startStop-1][0;39m [36mo.s.b.w.servlet.FilterRegistrationBean  [0;39m [2m:[0;39m Mapping filter: 'httpPutFormContentFilter' to: [/*]
[2m2018-05-08 23:36:39.295[0;39m [32m INFO[0;39m [35m81[0;39m [2m---[0;39m [2m[ost-startStop-1][0;39m [36mo.s.b.w.servlet.FilterRegistrationBean  [0;39m [2m:[0;39m Mapping filter: 'requestContextFilter' to: [/*]
[2m2018-05-08 23:36:39.578[0;39m [32m INFO[0;39m [35m81[0;39m [2m---[0;39m [2m[  restartedMain][0;39m [36mo.f.core.internal.util.VersionPrinter   [0;39m [2m:[0;39m Flyway 3.2.1 by Boxfuse
[2m2018-05-08 23:36:39.764[0;39m [32m INFO[0;39m [35m81[0;39m [2m---[0;39m [2m[  restartedMain][0;39m [36mo.f.c.i.dbsupport.DbSupportFactory      [0;39m [2m:[0;39m Database: jdbc:postgresql://postgresdev:5432/pgdev (PostgreSQL 10.3)
[2m2018-05-08 23:36:40.000[0;39m [32m INFO[0;39m [35m81[0;39m [2m---[0;39m [2m[  restartedMain][0;39m [36mo.f.core.internal.command.DbValidate    [0;39m [2m:[0;39m Validated 2 migrations (execution time 00:00.029s)
[2m2018-05-08 23:36:40.002[0;39m [33m WARN[0;39m [35m81[0;39m [2m---[0;39m [2m[  restartedMain][0;39m [36mationConfigEmbeddedWebApplicationContext[0;39m [2m:[0;39m Exception encountered during context initialization - cancelling refresh attempt: org.springframework.beans.factory.BeanCreationException: Error creating bean with name 'flywayInitializer' defined in class path resource [org/springframework/boot/autoconfigure/flyway/FlywayAutoConfiguration$FlywayConfiguration.class]: Invocation of init method failed; nested exception is org.flywaydb.core.api.FlywayException: Validate failed. Migration Checksum mismatch for migration 1
-> Applied to database : -692348796
-> Resolved locally    : -495929903
[2m2018-05-08 23:36:40.017[0;39m [32m INFO[0;39m [35m81[0;39m [2m---[0;39m [2m[  restartedMain][0;39m [36mo.apache.catalina.core.StandardService  [0;39m [2m:[0;39m Stopping service [Tomcat]
[2m2018-05-08 23:36:40.039[0;39m [32m INFO[0;39m [35m81[0;39m [2m---[0;39m [2m[  restartedMain][0;39m [36mutoConfigurationReportLoggingInitializer[0;39m [2m:[0;39m 

Error starting ApplicationContext. To display the auto-configuration report re-run your application with 'debug' enabled.
[2m2018-05-08 23:36:40.075[0;39m [31mERROR[0;39m [35m81[0;39m [2m---[0;39m [2m[  restartedMain][0;39m [36mo.s.boot.SpringApplication              [0;39m [2m:[0;39m Application startup failed

org.springframework.beans.factory.BeanCreationException: Error creating bean with name 'flywayInitializer' defined in class path resource [org/springframework/boot/autoconfigure/flyway/FlywayAutoConfiguration$FlywayConfiguration.class]: Invocation of init method failed; nested exception is org.flywaydb.core.api.FlywayException: Validate failed. Migration Checksum mismatch for migration 1
-> Applied to database : -692348796
-> Resolved locally    : -495929903
	at org.springframework.beans.factory.support.AbstractAutowireCapableBeanFactory.initializeBean(AbstractAutowireCapableBeanFactory.java:1628) ~[spring-beans-4.3.12.RELEASE.jar:4.3.12.RELEASE]
	at org.springframework.beans.factory.support.AbstractAutowireCapableBeanFactory.doCreateBean(AbstractAutowireCapableBeanFactory.java:555) ~[spring-beans-4.3.12.RELEASE.jar:4.3.12.RELEASE]
	at org.springframework.beans.factory.support.AbstractAutowireCapableBeanFactory.createBean(AbstractAutowireCapableBeanFactory.java:483) ~[spring-beans-4.3.12.RELEASE.jar:4.3.12.RELEASE]
	at org.springframework.beans.factory.support.AbstractBeanFactory$1.getObject(AbstractBeanFactory.java:306) ~[spring-beans-4.3.12.RELEASE.jar:4.3.12.RELEASE]
	at org.springframework.beans.factory.support.DefaultSingletonBeanRegistry.getSingleton(DefaultSingletonBeanRegistry.java:230) ~[spring-beans-4.3.12.RELEASE.jar:4.3.12.RELEASE]
	at org.springframework.beans.factory.support.AbstractBeanFactory.doGetBean(AbstractBeanFactory.java:302) ~[spring-beans-4.3.12.RELEASE.jar:4.3.12.RELEASE]
	at org.springframework.beans.factory.support.AbstractBeanFactory.getBean(AbstractBeanFactory.java:197) ~[spring-beans-4.3.12.RELEASE.jar:4.3.12.RELEASE]
	at org.springframework.beans.factory.support.AbstractBeanFactory.doGetBean(AbstractBeanFactory.java:296) ~[spring-beans-4.3.12.RELEASE.jar:4.3.12.RELEASE]
	at org.springframework.beans.factory.support.AbstractBeanFactory.getBean(AbstractBeanFactory.java:197) ~[spring-beans-4.3.12.RELEASE.jar:4.3.12.RELEASE]
	at org.springframework.context.support.AbstractApplicationContext.getBean(AbstractApplicationContext.java:1078) ~[spring-context-4.3.12.RELEASE.jar:4.3.12.RELEASE]
	at org.springframework.context.support.AbstractApplicationContext.finishBeanFactoryInitialization(AbstractApplicationContext.java:857) ~[spring-context-4.3.12.RELEASE.jar:4.3.12.RELEASE]
	at org.springframework.context.support.AbstractApplicationContext.refresh(AbstractApplicationContext.java:543) ~[spring-context-4.3.12.RELEASE.jar:4.3.12.RELEASE]
	at org.springframework.boot.context.embedded.EmbeddedWebApplicationContext.refresh(EmbeddedWebApplicationContext.java:122) ~[spring-boot-1.5.8.RELEASE.jar:1.5.8.RELEASE]
	at org.springframework.boot.SpringApplication.refresh(SpringApplication.java:693) [spring-boot-1.5.8.RELEASE.jar:1.5.8.RELEASE]
	at org.springframework.boot.SpringApplication.refreshContext(SpringApplication.java:360) [spring-boot-1.5.8.RELEASE.jar:1.5.8.RELEASE]
	at org.springframework.boot.SpringApplication.run(SpringApplication.java:303) [spring-boot-1.5.8.RELEASE.jar:1.5.8.RELEASE]
	at org.springframework.boot.SpringApplication.run(SpringApplication.java:1118) [spring-boot-1.5.8.RELEASE.jar:1.5.8.RELEASE]
	at org.springframework.boot.SpringApplication.run(SpringApplication.java:1107) [spring-boot-1.5.8.RELEASE.jar:1.5.8.RELEASE]
	at com.example.songsapi.SongsApiApplication.main(SongsApiApplication.java:10) [main/:na]
	at sun.reflect.NativeMethodAccessorImpl.invoke0(Native Method) ~[na:1.8.0_172]
	at sun.reflect.NativeMethodAccessorImpl.invoke(NativeMethodAccessorImpl.java:62) ~[na:1.8.0_172]
	at sun.reflect.DelegatingMethodAccessorImpl.invoke(DelegatingMethodAccessorImpl.java:43) ~[na:1.8.0_172]
	at java.lang.reflect.Method.invoke(Method.java:498) ~[na:1.8.0_172]
	at org.springframework.boot.devtools.restart.RestartLauncher.run(RestartLauncher.java:49) [spring-boot-devtools-1.5.8.RELEASE.jar:1.5.8.RELEASE]
Caused by: org.flywaydb.core.api.FlywayException: Validate failed. Migration Checksum mismatch for migration 1
-> Applied to database : -692348796
-> Resolved locally    : -495929903
	at org.flywaydb.core.Flyway.doValidate(Flyway.java:1108) ~[flyway-core-3.2.1.jar:na]
	at org.flywaydb.core.Flyway.access$300(Flyway.java:62) ~[flyway-core-3.2.1.jar:na]
	at org.flywaydb.core.Flyway$1.execute(Flyway.java:1012) ~[flyway-core-3.2.1.jar:na]
	at org.flywaydb.core.Flyway$1.execute(Flyway.java:1006) ~[flyway-core-3.2.1.jar:na]
	at org.flywaydb.core.Flyway.execute(Flyway.java:1418) ~[flyway-core-3.2.1.jar:na]
	at org.flywaydb.core.Flyway.migrate(Flyway.java:1006) ~[flyway-core-3.2.1.jar:na]
	at org.springframework.boot.autoconfigure.flyway.FlywayMigrationInitializer.afterPropertiesSet(FlywayMigrationInitializer.java:66) ~[spring-boot-autoconfigure-1.5.8.RELEASE.jar:1.5.8.RELEASE]
	at org.springframework.beans.factory.support.AbstractAutowireCapableBeanFactory.invokeInitMethods(AbstractAutowireCapableBeanFactory.java:1687) ~[spring-beans-4.3.12.RELEASE.jar:4.3.12.RELEASE]
	at org.springframework.beans.factory.support.AbstractAutowireCapableBeanFactory.initializeBean(AbstractAutowireCapableBeanFactory.java:1624) ~[spring-beans-4.3.12.RELEASE.jar:4.3.12.RELEASE]
	... 23 common frames omitted


BUILD SUCCESSFUL in 1m 50s
3 actionable tasks: 3 executed
23:36:40.244 [DEBUG] [org.gradle.launcher.daemon.server.exec.ExecuteBuild] The daemon has finished executing the build.
23:36:40.250 [DEBUG] [org.gradle.launcher.daemon.server.DaemonStateCoordinator] daemon is running. Sleeping until state changes.
23:36:40.252 [DEBUG] [org.gradle.launcher.daemon.server.DaemonStateCoordinator] Command execution: finished waiting for DaemonCommandExecution[command = Build{id=90128647-8bbc-4786-b295-3b95e4bd1c74.1, currentDir=/app}, connection = DefaultDaemonConnection: socket connection from /127.0.0.1:42435 to /127.0.0.1:58582]. Result org.gradle.launcher.daemon.server.DaemonStateCoordinator@2f504db6 with state Busy
23:36:40.256 [DEBUG] [org.gradle.launcher.daemon.server.DaemonStateCoordinator] Command execution: completed DaemonCommandExecution[command = Build{id=90128647-8bbc-4786-b295-3b95e4bd1c74.1, currentDir=/app}, connection = DefaultDaemonConnection: socket connection from /127.0.0.1:42435 to /127.0.0.1:58582]
23:36:40.258 [DEBUG] [org.gradle.launcher.daemon.server.DaemonStateCoordinator] resetting idle timer
23:36:40.261 [INFO] [org.gradle.launcher.daemon.server.DaemonRegistryUpdater] Marking the daemon as idle, address: [89020ed9-0415-4a81-a983-76b45d607c25 port:42435, addresses:[/127.0.0.1]]
23:36:40.265 [DEBUG] [org.gradle.launcher.daemon.registry.PersistentDaemonRegistry] Marking busy by address: [89020ed9-0415-4a81-a983-76b45d607c25 port:42435, addresses:[/127.0.0.1]]
23:36:40.275 [DEBUG] [org.gradle.cache.internal.DefaultFileLockManager] Waiting to acquire exclusive lock on daemon addresses registry.
23:36:40.279 [DEBUG] [org.gradle.cache.internal.DefaultFileLockManager] Lock acquired on daemon addresses registry.
23:36:40.287 [DEBUG] [org.gradle.cache.internal.DefaultFileLockManager] Releasing lock on daemon addresses registry.
23:36:40.292 [DEBUG] [org.gradle.launcher.daemon.server.DaemonStateCoordinator] daemon is running. Sleeping until state changes.
23:36:40.292 [DEBUG] [org.gradle.launcher.daemon.server.exec.ReturnResult] Daemon is dispatching the build result: Success[value=null]
23:36:40.296 [DEBUG] [org.gradle.launcher.daemon.server.SynchronizedDispatchConnection] thread 14: dispatching class org.gradle.launcher.daemon.protocol.Success
23:36:40.300 [DEBUG] [org.gradle.launcher.daemon.server.DefaultIncomingConnectionHandler] Finishing executing command: Build{id=90128647-8bbc-4786-b295-3b95e4bd1c74.1, currentDir=/app}
23:36:40.304 [DEBUG] [org.gradle.launcher.daemon.server.SynchronizedDispatchConnection] thread 15: received class org.gradle.launcher.daemon.protocol.Finished
23:36:40.308 [DEBUG] [org.gradle.launcher.daemon.server.DefaultDaemonConnection] thread 15: Received non-IO message from client: org.gradle.launcher.daemon.protocol.Finished@3fcb9196
23:36:40.311 [DEBUG] [org.gradle.internal.remote.internal.inet.SocketConnection] Discarding EOFException: java.io.EOFException
23:36:40.312 [DEBUG] [org.gradle.launcher.daemon.server.SynchronizedDispatchConnection] thread 15: received null
23:36:40.314 [DEBUG] [org.gradle.launcher.daemon.server.DefaultDaemonConnection] thread 15: Received end-of-input from client.
23:36:40.311 [DEBUG] [org.gradle.launcher.daemon.server.DefaultIncomingConnectionHandler] Received finished message: org.gradle.launcher.daemon.protocol.Finished@3fcb9196
23:36:40.320 [DEBUG] [org.gradle.launcher.daemon.server.SynchronizedDispatchConnection] thread 14: stopping connection
23:36:40.323 [DEBUG] [org.gradle.launcher.daemon.server.SynchronizedDispatchConnection] thread 14: stopping connection
