21:38:56.112 [DEBUG] [org.gradle.launcher.daemon.bootstrap.DaemonMain] Assuming the daemon was started with following jvm opts: [-XX:+HeapDumpOnOutOfMemoryError, -Xmx1024m, -Dfile.encoding=UTF-8, -Duser.country, -Duser.language=en, -Duser.variant]
21:38:56.269 [INFO] [org.gradle.launcher.daemon.server.Daemon] start() called on daemon - DefaultDaemonContext[uid=f3ff114d-26ac-43cf-bd8f-0d74833787d5,javaHome=/opt/jdk1.8.0_172,daemonRegistryDir=/app/cache/daemon,pid=32,idleTimeout=10800000,daemonOpts=-XX:+HeapDumpOnOutOfMemoryError,-Xmx1024m,-Dfile.encoding=UTF-8,-Duser.country,-Duser.language=en,-Duser.variant]
21:38:56.295 [DEBUG] [org.gradle.internal.remote.internal.inet.InetAddresses] Adding IP addresses for network interface eth0
21:38:56.298 [DEBUG] [org.gradle.internal.remote.internal.inet.InetAddresses] Is this a loopback interface? false
21:38:56.300 [DEBUG] [org.gradle.internal.remote.internal.inet.InetAddresses] Is this a multicast interface? true
21:38:56.303 [DEBUG] [org.gradle.internal.remote.internal.inet.InetAddresses] Adding remote address /172.18.0.4
21:38:56.305 [DEBUG] [org.gradle.internal.remote.internal.inet.InetAddresses] Adding remote multicast interface eth0
21:38:56.307 [DEBUG] [org.gradle.internal.remote.internal.inet.InetAddresses] Adding IP addresses for network interface lo
21:38:56.310 [DEBUG] [org.gradle.internal.remote.internal.inet.InetAddresses] Is this a loopback interface? true
21:38:56.314 [DEBUG] [org.gradle.internal.remote.internal.inet.InetAddresses] Is this a multicast interface? false
21:38:56.317 [DEBUG] [org.gradle.internal.remote.internal.inet.InetAddresses] Adding loopback address /127.0.0.1
21:38:56.324 [DEBUG] [org.gradle.internal.remote.internal.inet.TcpIncomingConnector] Listening on [1c492371-cd76-48a7-84e3-e49390e3c9f0 port:45347, addresses:[/127.0.0.1]].
21:38:56.332 [DEBUG] [org.gradle.launcher.daemon.server.Daemon] Daemon starting at: Tue May 08 21:38:56 GMT 2018, with address: [1c492371-cd76-48a7-84e3-e49390e3c9f0 port:45347, addresses:[/127.0.0.1]]
21:38:56.335 [INFO] [org.gradle.launcher.daemon.server.DaemonRegistryUpdater] Advertising the daemon address to the clients: [1c492371-cd76-48a7-84e3-e49390e3c9f0 port:45347, addresses:[/127.0.0.1]]
21:38:56.339 [DEBUG] [org.gradle.launcher.daemon.server.DaemonRegistryUpdater] Advertised daemon context: DefaultDaemonContext[uid=f3ff114d-26ac-43cf-bd8f-0d74833787d5,javaHome=/opt/jdk1.8.0_172,daemonRegistryDir=/app/cache/daemon,pid=32,idleTimeout=10800000,daemonOpts=-XX:+HeapDumpOnOutOfMemoryError,-Xmx1024m,-Dfile.encoding=UTF-8,-Duser.country,-Duser.language=en,-Duser.variant]
21:38:56.343 [DEBUG] [org.gradle.launcher.daemon.registry.PersistentDaemonRegistry] Storing daemon address: [1c492371-cd76-48a7-84e3-e49390e3c9f0 port:45347, addresses:[/127.0.0.1]], context: DefaultDaemonContext[uid=f3ff114d-26ac-43cf-bd8f-0d74833787d5,javaHome=/opt/jdk1.8.0_172,daemonRegistryDir=/app/cache/daemon,pid=32,idleTimeout=10800000,daemonOpts=-XX:+HeapDumpOnOutOfMemoryError,-Xmx1024m,-Dfile.encoding=UTF-8,-Duser.country,-Duser.language=en,-Duser.variant]
21:38:56.361 [DEBUG] [org.gradle.cache.internal.DefaultFileLockManager] Waiting to acquire exclusive lock on daemon addresses registry.
21:38:56.370 [DEBUG] [org.gradle.cache.internal.DefaultFileLockManager] Lock acquired on daemon addresses registry.
21:38:56.386 [DEBUG] [org.gradle.cache.internal.DefaultFileLockManager] Releasing lock on daemon addresses registry.
21:38:56.391 [LIFECYCLE] [org.gradle.launcher.daemon.server.Daemon] Daemon server started.
21:38:56.397 [DEBUG] [org.gradle.launcher.daemon.bootstrap.DaemonStartupCommunication] Completed writing the daemon greeting. Closing streams...
21:38:56.407 [DEBUG] [org.gradle.launcher.daemon.server.Daemon] stopOnExpiration() called on daemon
21:38:56.412 [DEBUG] [org.gradle.launcher.daemon.server.Daemon] awaitExpiration() called on daemon
21:38:56.416 [DEBUG] [org.gradle.launcher.daemon.server.DaemonStateCoordinator] daemon is running. Sleeping until state changes.
21:38:56.430 [DEBUG] [org.gradle.internal.remote.internal.inet.TcpIncomingConnector] Accepted connection from /127.0.0.1:40202 to /127.0.0.1:45347.
21:38:56.619 [DEBUG] [org.gradle.launcher.daemon.server.SynchronizedDispatchConnection] thread 15: received class org.gradle.launcher.daemon.protocol.Build
21:38:56.625 [DEBUG] [org.gradle.launcher.daemon.server.DefaultDaemonConnection] thread 15: Received non-IO message from client: Build{id=00e82d2a-7b21-4036-9ce0-57188cfc1ed6.1, currentDir=/app}
21:38:56.628 [INFO] [org.gradle.launcher.daemon.server.DefaultIncomingConnectionHandler] Received command: Build{id=00e82d2a-7b21-4036-9ce0-57188cfc1ed6.1, currentDir=/app}.
21:38:56.631 [DEBUG] [org.gradle.launcher.daemon.server.DefaultIncomingConnectionHandler] Starting executing command: Build{id=00e82d2a-7b21-4036-9ce0-57188cfc1ed6.1, currentDir=/app} with connection: socket connection from /127.0.0.1:45347 to /127.0.0.1:40202.
21:38:56.635 [ERROR] [org.gradle.launcher.daemon.server.DaemonStateCoordinator] Command execution: started DaemonCommandExecution[command = Build{id=00e82d2a-7b21-4036-9ce0-57188cfc1ed6.1, currentDir=/app}, connection = DefaultDaemonConnection: socket connection from /127.0.0.1:45347 to /127.0.0.1:40202] after 0.0 minutes of idle
21:38:56.638 [INFO] [org.gradle.launcher.daemon.server.DaemonRegistryUpdater] Marking the daemon as busy, address: [1c492371-cd76-48a7-84e3-e49390e3c9f0 port:45347, addresses:[/127.0.0.1]]
21:38:56.640 [DEBUG] [org.gradle.launcher.daemon.registry.PersistentDaemonRegistry] Marking busy by address: [1c492371-cd76-48a7-84e3-e49390e3c9f0 port:45347, addresses:[/127.0.0.1]]
21:38:56.660 [DEBUG] [org.gradle.cache.internal.DefaultFileLockManager] Waiting to acquire exclusive lock on daemon addresses registry.
21:38:56.669 [DEBUG] [org.gradle.cache.internal.DefaultFileLockManager] Lock acquired on daemon addresses registry.
21:38:56.685 [DEBUG] [org.gradle.cache.internal.DefaultFileLockManager] Releasing lock on daemon addresses registry.
21:38:56.691 [DEBUG] [org.gradle.launcher.daemon.server.DaemonStateCoordinator] resetting idle timer
21:38:56.693 [DEBUG] [org.gradle.launcher.daemon.server.DaemonStateCoordinator] daemon is running. Sleeping until state changes.
21:38:56.694 [INFO] [org.gradle.launcher.daemon.server.exec.StartBuildOrRespondWithBusy] Daemon is about to start building Build{id=00e82d2a-7b21-4036-9ce0-57188cfc1ed6.1, currentDir=/app}. Dispatching build started information...
21:38:56.699 [DEBUG] [org.gradle.launcher.daemon.server.SynchronizedDispatchConnection] thread 17: dispatching class org.gradle.launcher.daemon.protocol.BuildStarted
21:38:56.708 [DEBUG] [org.gradle.launcher.daemon.server.exec.EstablishBuildEnvironment] Configuring env variables: {PATH=/usr/local/sbin:/usr/local/bin:/usr/sbin:/usr/bin:/sbin:/bin:/opt/jdk/bin, JAVA_JCE=unlimited, SPRING_PROFILES_ACTIVE=dev, JAVA_HOME=/opt/jdk, OLDPWD=/app, GLIBC_VERSION=2.27-r0, LANG=C.UTF-8, JAVA_VERSION_MAJOR=8, GRADLE_USER_HOME=cache, HOSTNAME=51e465fe5b90, GLIBC_REPO=https://github.com/sgerrand/alpine-pkg-glibc, JAVA_VERSION_MINOR=172, PWD=/app, JAVA_PACKAGE=jdk, JAVA_VERSION_BUILD=11, HOME=/root, SHLVL=1}
21:38:56.722 [DEBUG] [org.gradle.launcher.daemon.server.exec.LogToClient] About to start relaying all logs to the client via the connection.
21:38:56.725 [INFO] [org.gradle.launcher.daemon.server.exec.LogToClient] The client will now receive all logging from the daemon (pid: 32). The daemon log file: /app/cache/daemon/4.5.1/daemon-32.out.log
21:38:56.729 [INFO] [org.gradle.launcher.daemon.server.exec.LogAndCheckHealth] Starting build in new daemon [memory: 954.7 MB]
21:38:56.736 [DEBUG] [org.gradle.launcher.daemon.server.exec.ExecuteBuild] The daemon has started executing the build.
21:38:56.740 [DEBUG] [org.gradle.launcher.daemon.server.exec.ExecuteBuild] Executing build with daemon context: DefaultDaemonContext[uid=f3ff114d-26ac-43cf-bd8f-0d74833787d5,javaHome=/opt/jdk1.8.0_172,daemonRegistryDir=/app/cache/daemon,pid=32,idleTimeout=10800000,daemonOpts=-XX:+HeapDumpOnOutOfMemoryError,-Xmx1024m,-Dfile.encoding=UTF-8,-Duser.country,-Duser.language=en,-Duser.variant]
:compileJava
:processResources UP-TO-DATE
:classes
:bootRun
21:39:24.463 [main] DEBUG org.springframework.boot.devtools.settings.DevToolsSettings - Included patterns for restart : []
21:39:24.470 [main] DEBUG org.springframework.boot.devtools.settings.DevToolsSettings - Excluded patterns for restart : [/spring-boot-starter/target/classes/, /spring-boot-autoconfigure/target/classes/, /spring-boot-starter-[\w-]+/, /spring-boot/target/classes/, /spring-boot-actuator/target/classes/, /spring-boot-devtools/target/classes/]
21:39:24.471 [main] DEBUG org.springframework.boot.devtools.restart.ChangeableUrls - Matching URLs for reloading : [file:/app/build/classes/java/main/, file:/app/build/resources/main/]
2018-05-08 21:39:26.083  INFO 77 --- [  restartedMain] s.c.a.AnnotationConfigApplicationContext : Refreshing org.springframework.context.annotation.AnnotationConfigApplicationContext@1ba2fef1: startup date [Tue May 08 21:39:26 GMT 2018]; root of context hierarchy
2018-05-08 21:39:27.145  INFO 77 --- [  restartedMain] f.a.AutowiredAnnotationBeanPostProcessor : JSR-330 'javax.inject.Inject' annotation found and supported for autowiring
2018-05-08 21:39:27.386  INFO 77 --- [  restartedMain] trationDelegate$BeanPostProcessorChecker : Bean 'configurationPropertiesRebinderAutoConfiguration' of type [org.springframework.cloud.autoconfigure.ConfigurationPropertiesRebinderAutoConfiguration$$EnhancerBySpringCGLIB$$676dae70] is not eligible for getting processed by all BeanPostProcessors (for example: not eligible for auto-proxying)

  .   ____          _            __ _ _
 /\\ / ___'_ __ _ _(_)_ __  __ _ \ \ \ \
( ( )\___ | '_ | '_| | '_ \/ _` | \ \ \ \
 \\/  ___)| |_)| | | | | || (_| |  ) ) ) )
  '  |____| .__|_| |_|_| |_\__, | / / / /
 =========|_|==============|___/=/_/_/_/
[32m :: Spring Boot :: [39m      [2m (v1.5.8.RELEASE)[0;39m

[2m2018-05-08 21:39:28.524[0;39m [32m INFO[0;39m [35m77[0;39m [2m---[0;39m [2m[  restartedMain][0;39m [36mc.example.usersapi.UsersApiApplication  [0;39m [2m:[0;39m The following profiles are active: dev
[2m2018-05-08 21:39:28.623[0;39m [32m INFO[0;39m [35m77[0;39m [2m---[0;39m [2m[  restartedMain][0;39m [36mationConfigEmbeddedWebApplicationContext[0;39m [2m:[0;39m Refreshing org.springframework.boot.context.embedded.AnnotationConfigEmbeddedWebApplicationContext@4d1aa1b6: startup date [Tue May 08 21:39:28 GMT 2018]; parent: org.springframework.context.annotation.AnnotationConfigApplicationContext@1ba2fef1
[2m2018-05-08 21:39:32.780[0;39m [32m INFO[0;39m [35m77[0;39m [2m---[0;39m [2m[  restartedMain][0;39m [36mo.s.cloud.context.scope.GenericScope    [0;39m [2m:[0;39m BeanFactory id=23ded8c3-25c5-3a5c-969d-695ec2534a07
[2m2018-05-08 21:39:32.910[0;39m [32m INFO[0;39m [35m77[0;39m [2m---[0;39m [2m[  restartedMain][0;39m [36mf.a.AutowiredAnnotationBeanPostProcessor[0;39m [2m:[0;39m JSR-330 'javax.inject.Inject' annotation found and supported for autowiring
[2m2018-05-08 21:39:33.230[0;39m [32m INFO[0;39m [35m77[0;39m [2m---[0;39m [2m[  restartedMain][0;39m [36mtrationDelegate$BeanPostProcessorChecker[0;39m [2m:[0;39m Bean 'org.springframework.transaction.annotation.ProxyTransactionManagementConfiguration' of type [org.springframework.transaction.annotation.ProxyTransactionManagementConfiguration$$EnhancerBySpringCGLIB$$4b53ab73] is not eligible for getting processed by all BeanPostProcessors (for example: not eligible for auto-proxying)
[2m2018-05-08 21:39:33.405[0;39m [32m INFO[0;39m [35m77[0;39m [2m---[0;39m [2m[  restartedMain][0;39m [36mtrationDelegate$BeanPostProcessorChecker[0;39m [2m:[0;39m Bean 'org.springframework.cloud.autoconfigure.ConfigurationPropertiesRebinderAutoConfiguration' of type [org.springframework.cloud.autoconfigure.ConfigurationPropertiesRebinderAutoConfiguration$$EnhancerBySpringCGLIB$$676dae70] is not eligible for getting processed by all BeanPostProcessors (for example: not eligible for auto-proxying)
[2m2018-05-08 21:39:35.156[0;39m [32m INFO[0;39m [35m77[0;39m [2m---[0;39m [2m[  restartedMain][0;39m [36ms.b.c.e.t.TomcatEmbeddedServletContainer[0;39m [2m:[0;39m Tomcat initialized with port(s): 8081 (http)
[2m2018-05-08 21:39:35.187[0;39m [32m INFO[0;39m [35m77[0;39m [2m---[0;39m [2m[  restartedMain][0;39m [36mo.apache.catalina.core.StandardService  [0;39m [2m:[0;39m Starting service [Tomcat]
[2m2018-05-08 21:39:35.188[0;39m [32m INFO[0;39m [35m77[0;39m [2m---[0;39m [2m[  restartedMain][0;39m [36morg.apache.catalina.core.StandardEngine [0;39m [2m:[0;39m Starting Servlet Engine: Apache Tomcat/8.5.23
[2m2018-05-08 21:39:36.392[0;39m [32m INFO[0;39m [35m77[0;39m [2m---[0;39m [2m[ost-startStop-1][0;39m [36mo.a.c.c.C.[Tomcat].[localhost].[/]      [0;39m [2m:[0;39m Initializing Spring embedded WebApplicationContext
[2m2018-05-08 21:39:36.392[0;39m [32m INFO[0;39m [35m77[0;39m [2m---[0;39m [2m[ost-startStop-1][0;39m [36mo.s.web.context.ContextLoader           [0;39m [2m:[0;39m Root WebApplicationContext: initialization completed in 7769 ms
[2m2018-05-08 21:39:36.937[0;39m [32m INFO[0;39m [35m77[0;39m [2m---[0;39m [2m[ost-startStop-1][0;39m [36mo.s.b.w.servlet.ServletRegistrationBean [0;39m [2m:[0;39m Mapping servlet: 'dispatcherServlet' to [/]
[2m2018-05-08 21:39:37.018[0;39m [32m INFO[0;39m [35m77[0;39m [2m---[0;39m [2m[ost-startStop-1][0;39m [36mo.s.b.w.servlet.FilterRegistrationBean  [0;39m [2m:[0;39m Mapping filter: 'characterEncodingFilter' to: [/*]
[2m2018-05-08 21:39:37.022[0;39m [32m INFO[0;39m [35m77[0;39m [2m---[0;39m [2m[ost-startStop-1][0;39m [36mo.s.b.w.servlet.FilterRegistrationBean  [0;39m [2m:[0;39m Mapping filter: 'hiddenHttpMethodFilter' to: [/*]
[2m2018-05-08 21:39:37.024[0;39m [32m INFO[0;39m [35m77[0;39m [2m---[0;39m [2m[ost-startStop-1][0;39m [36mo.s.b.w.servlet.FilterRegistrationBean  [0;39m [2m:[0;39m Mapping filter: 'httpPutFormContentFilter' to: [/*]
[2m2018-05-08 21:39:37.046[0;39m [32m INFO[0;39m [35m77[0;39m [2m---[0;39m [2m[ost-startStop-1][0;39m [36mo.s.b.w.servlet.FilterRegistrationBean  [0;39m [2m:[0;39m Mapping filter: 'requestContextFilter' to: [/*]
[2m2018-05-08 21:39:38.110[0;39m [32m INFO[0;39m [35m77[0;39m [2m---[0;39m [2m[  restartedMain][0;39m [36mo.f.core.internal.util.VersionPrinter   [0;39m [2m:[0;39m Flyway 3.2.1 by Boxfuse
[2m2018-05-08 21:39:38.643[0;39m [32m INFO[0;39m [35m77[0;39m [2m---[0;39m [2m[  restartedMain][0;39m [36mo.f.c.i.dbsupport.DbSupportFactory      [0;39m [2m:[0;39m Database: jdbc:postgresql://postgresdev:5432/pgdev (PostgreSQL 10.3)
[2m2018-05-08 21:39:39.427[0;39m [32m INFO[0;39m [35m77[0;39m [2m---[0;39m [2m[  restartedMain][0;39m [36mo.f.core.internal.command.DbValidate    [0;39m [2m:[0;39m Validated 2 migrations (execution time 00:00.232s)
[2m2018-05-08 21:39:39.484[0;39m [32m INFO[0;39m [35m77[0;39m [2m---[0;39m [2m[  restartedMain][0;39m [36mo.f.c.i.metadatatable.MetaDataTableImpl [0;39m [2m:[0;39m Creating Metadata table: "public"."schema_version"
[2m2018-05-08 21:39:39.567[0;39m [32m INFO[0;39m [35m77[0;39m [2m---[0;39m [2m[  restartedMain][0;39m [36mo.f.core.internal.command.DbMigrate     [0;39m [2m:[0;39m Current version of schema "public": << Empty Schema >>
[2m2018-05-08 21:39:39.567[0;39m [32m INFO[0;39m [35m77[0;39m [2m---[0;39m [2m[  restartedMain][0;39m [36mo.f.core.internal.command.DbMigrate     [0;39m [2m:[0;39m Migrating schema "public" to version 1 - Create users table
[2m2018-05-08 21:39:39.678[0;39m [32m INFO[0;39m [35m77[0;39m [2m---[0;39m [2m[  restartedMain][0;39m [36mo.f.core.internal.command.DbMigrate     [0;39m [2m:[0;39m Migrating schema "public" to version 2 - Add email field to users
[2m2018-05-08 21:39:39.742[0;39m [32m INFO[0;39m [35m77[0;39m [2m---[0;39m [2m[  restartedMain][0;39m [36mo.f.core.internal.command.DbMigrate     [0;39m [2m:[0;39m Successfully applied 2 migrations to schema "public" (execution time 00:00.261s).
[2m2018-05-08 21:39:39.754[0;39m [32m INFO[0;39m [35m77[0;39m [2m---[0;39m [2m[  restartedMain][0;39m [36mo.f.c.i.c.SqlScriptFlywayCallback       [0;39m [2m:[0;39m Executing SQL callback: afterMigrate
[2m2018-05-08 21:39:40.774[0;39m [32m INFO[0;39m [35m77[0;39m [2m---[0;39m [2m[  restartedMain][0;39m [36mj.LocalContainerEntityManagerFactoryBean[0;39m [2m:[0;39m Building JPA container EntityManagerFactory for persistence unit 'default'
[2m2018-05-08 21:39:40.810[0;39m [32m INFO[0;39m [35m77[0;39m [2m---[0;39m [2m[  restartedMain][0;39m [36mo.hibernate.jpa.internal.util.LogHelper [0;39m [2m:[0;39m HHH000204: Processing PersistenceUnitInfo [
	name: default
	...]
[2m2018-05-08 21:39:41.368[0;39m [32m INFO[0;39m [35m77[0;39m [2m---[0;39m [2m[  restartedMain][0;39m [36morg.hibernate.Version                   [0;39m [2m:[0;39m HHH000412: Hibernate Core {5.0.12.Final}
[2m2018-05-08 21:39:41.373[0;39m [32m INFO[0;39m [35m77[0;39m [2m---[0;39m [2m[  restartedMain][0;39m [36morg.hibernate.cfg.Environment           [0;39m [2m:[0;39m HHH000206: hibernate.properties not found
[2m2018-05-08 21:39:41.377[0;39m [32m INFO[0;39m [35m77[0;39m [2m---[0;39m [2m[  restartedMain][0;39m [36morg.hibernate.cfg.Environment           [0;39m [2m:[0;39m HHH000021: Bytecode provider name : javassist
[2m2018-05-08 21:39:41.525[0;39m [32m INFO[0;39m [35m77[0;39m [2m---[0;39m [2m[  restartedMain][0;39m [36mo.hibernate.annotations.common.Version  [0;39m [2m:[0;39m HCANN000001: Hibernate Commons Annotations {5.0.1.Final}
[2m2018-05-08 21:39:41.956[0;39m [32m INFO[0;39m [35m77[0;39m [2m---[0;39m [2m[  restartedMain][0;39m [36morg.hibernate.dialect.Dialect           [0;39m [2m:[0;39m HHH000400: Using dialect: org.hibernate.dialect.PostgreSQLDialect
[2m2018-05-08 21:39:42.225[0;39m [32m INFO[0;39m [35m77[0;39m [2m---[0;39m [2m[  restartedMain][0;39m [36mo.h.e.j.e.i.LobCreatorBuilderImpl       [0;39m [2m:[0;39m HHH000424: Disabling contextual LOB creation as createClob() method threw error : java.lang.reflect.InvocationTargetException
[2m2018-05-08 21:39:42.227[0;39m [32m INFO[0;39m [35m77[0;39m [2m---[0;39m [2m[  restartedMain][0;39m [36morg.hibernate.type.BasicTypeRegistry    [0;39m [2m:[0;39m HHH000270: Type registration [java.util.UUID] overrides previous : org.hibernate.type.UUIDBinaryType@2d0ff785
[2m2018-05-08 21:39:43.562[0;39m [32m INFO[0;39m [35m77[0;39m [2m---[0;39m [2m[  restartedMain][0;39m [36mj.LocalContainerEntityManagerFactoryBean[0;39m [2m:[0;39m Initialized JPA EntityManagerFactory for persistence unit 'default'
[2m2018-05-08 21:39:45.813[0;39m [33m WARN[0;39m [35m77[0;39m [2m---[0;39m [2m[  restartedMain][0;39m [36mc.n.c.sources.URLConfigurationSource    [0;39m [2m:[0;39m No URLs will be polled as dynamic configuration sources.
[2m2018-05-08 21:39:45.813[0;39m [32m INFO[0;39m [35m77[0;39m [2m---[0;39m [2m[  restartedMain][0;39m [36mc.n.c.sources.URLConfigurationSource    [0;39m [2m:[0;39m To enable URLs as dynamic configuration sources, define System property archaius.configurationSource.additionalUrls or make config.properties available on classpath.
[2m2018-05-08 21:39:45.848[0;39m [33m WARN[0;39m [35m77[0;39m [2m---[0;39m [2m[  restartedMain][0;39m [36mc.n.c.sources.URLConfigurationSource    [0;39m [2m:[0;39m No URLs will be polled as dynamic configuration sources.
[2m2018-05-08 21:39:45.849[0;39m [32m INFO[0;39m [35m77[0;39m [2m---[0;39m [2m[  restartedMain][0;39m [36mc.n.c.sources.URLConfigurationSource    [0;39m [2m:[0;39m To enable URLs as dynamic configuration sources, define System property archaius.configurationSource.additionalUrls or make config.properties available on classpath.
[2m2018-05-08 21:39:46.502[0;39m [32m INFO[0;39m [35m77[0;39m [2m---[0;39m [2m[  restartedMain][0;39m [36ms.w.s.m.m.a.RequestMappingHandlerAdapter[0;39m [2m:[0;39m Looking for @ControllerAdvice: org.springframework.boot.context.embedded.AnnotationConfigEmbeddedWebApplicationContext@4d1aa1b6: startup date [Tue May 08 21:39:28 GMT 2018]; parent: org.springframework.context.annotation.AnnotationConfigApplicationContext@1ba2fef1
[2m2018-05-08 21:39:46.860[0;39m [32m INFO[0;39m [35m77[0;39m [2m---[0;39m [2m[  restartedMain][0;39m [36ms.w.s.m.m.a.RequestMappingHandlerMapping[0;39m [2m:[0;39m Mapped "{[/users/{userId}],methods=[GET]}" onto public com.example.usersapi.models.User com.example.usersapi.controllers.UsersController.findOne(java.lang.Long)
[2m2018-05-08 21:39:46.871[0;39m [32m INFO[0;39m [35m77[0;39m [2m---[0;39m [2m[  restartedMain][0;39m [36ms.w.s.m.m.a.RequestMappingHandlerMapping[0;39m [2m:[0;39m Mapped "{[/users/{userId}],methods=[DELETE]}" onto public org.springframework.http.HttpStatus com.example.usersapi.controllers.UsersController.deleteUserById(java.lang.Long)
[2m2018-05-08 21:39:46.872[0;39m [32m INFO[0;39m [35m77[0;39m [2m---[0;39m [2m[  restartedMain][0;39m [36ms.w.s.m.m.a.RequestMappingHandlerMapping[0;39m [2m:[0;39m Mapped "{[/users],methods=[POST]}" onto public com.example.usersapi.models.User com.example.usersapi.controllers.UsersController.createNewUser(com.example.usersapi.models.User)
[2m2018-05-08 21:39:46.873[0;39m [32m INFO[0;39m [35m77[0;39m [2m---[0;39m [2m[  restartedMain][0;39m [36ms.w.s.m.m.a.RequestMappingHandlerMapping[0;39m [2m:[0;39m Mapped "{[/users/{userId}],methods=[PATCH]}" onto public com.example.usersapi.models.User com.example.usersapi.controllers.UsersController.updateUserById(java.lang.Long,com.example.usersapi.models.User)
[2m2018-05-08 21:39:46.874[0;39m [32m INFO[0;39m [35m77[0;39m [2m---[0;39m [2m[  restartedMain][0;39m [36ms.w.s.m.m.a.RequestMappingHandlerMapping[0;39m [2m:[0;39m Mapped "{[/users],methods=[GET]}" onto public java.lang.Iterable<com.example.usersapi.models.User> com.example.usersapi.controllers.UsersController.findAllUsers()
[2m2018-05-08 21:39:46.876[0;39m [32m INFO[0;39m [35m77[0;39m [2m---[0;39m [2m[  restartedMain][0;39m [36ms.w.s.m.m.a.RequestMappingHandlerMapping[0;39m [2m:[0;39m Mapped "{[/error],produces=[text/html]}" onto public org.springframework.web.servlet.ModelAndView org.springframework.boot.autoconfigure.web.BasicErrorController.errorHtml(javax.servlet.http.HttpServletRequest,javax.servlet.http.HttpServletResponse)
[2m2018-05-08 21:39:46.881[0;39m [32m INFO[0;39m [35m77[0;39m [2m---[0;39m [2m[  restartedMain][0;39m [36ms.w.s.m.m.a.RequestMappingHandlerMapping[0;39m [2m:[0;39m Mapped "{[/error]}" onto public org.springframework.http.ResponseEntity<java.util.Map<java.lang.String, java.lang.Object>> org.springframework.boot.autoconfigure.web.BasicErrorController.error(javax.servlet.http.HttpServletRequest)
[2m2018-05-08 21:39:46.933[0;39m [32m INFO[0;39m [35m77[0;39m [2m---[0;39m [2m[  restartedMain][0;39m [36mo.s.w.s.handler.SimpleUrlHandlerMapping [0;39m [2m:[0;39m Mapped URL path [/webjars/**] onto handler of type [class org.springframework.web.servlet.resource.ResourceHttpRequestHandler]
[2m2018-05-08 21:39:46.934[0;39m [32m INFO[0;39m [35m77[0;39m [2m---[0;39m [2m[  restartedMain][0;39m [36mo.s.w.s.handler.SimpleUrlHandlerMapping [0;39m [2m:[0;39m Mapped URL path [/**] onto handler of type [class org.springframework.web.servlet.resource.ResourceHttpRequestHandler]
[2m2018-05-08 21:39:47.056[0;39m [32m INFO[0;39m [35m77[0;39m [2m---[0;39m [2m[  restartedMain][0;39m [36mo.s.w.s.handler.SimpleUrlHandlerMapping [0;39m [2m:[0;39m Mapped URL path [/**/favicon.ico] onto handler of type [class org.springframework.web.servlet.resource.ResourceHttpRequestHandler]
[2m2018-05-08 21:39:49.485[0;39m [32m INFO[0;39m [35m77[0;39m [2m---[0;39m [2m[  restartedMain][0;39m [36mo.s.b.d.a.OptionalLiveReloadServer      [0;39m [2m:[0;39m LiveReload server is running on port 35729
[2m2018-05-08 21:39:49.691[0;39m [33m WARN[0;39m [35m77[0;39m [2m---[0;39m [2m[  restartedMain][0;39m [36marterDeprecationWarningAutoConfiguration[0;39m [2m:[0;39m spring-cloud-starter-eureka is deprecated as of Spring Cloud Netflix 1.4.0, please migrate to spring-cloud-starter-netflix-eureka
[2m2018-05-08 21:39:49.755[0;39m [32m INFO[0;39m [35m77[0;39m [2m---[0;39m [2m[  restartedMain][0;39m [36mo.s.j.e.a.AnnotationMBeanExporter       [0;39m [2m:[0;39m Registering beans for JMX exposure on startup
[2m2018-05-08 21:39:49.770[0;39m [32m INFO[0;39m [35m77[0;39m [2m---[0;39m [2m[  restartedMain][0;39m [36mo.s.j.e.a.AnnotationMBeanExporter       [0;39m [2m:[0;39m Bean with name 'environmentManager' has been autodetected for JMX exposure
[2m2018-05-08 21:39:49.773[0;39m [32m INFO[0;39m [35m77[0;39m [2m---[0;39m [2m[  restartedMain][0;39m [36mo.s.j.e.a.AnnotationMBeanExporter       [0;39m [2m:[0;39m Bean with name 'configurationPropertiesRebinder' has been autodetected for JMX exposure
[2m2018-05-08 21:39:49.774[0;39m [32m INFO[0;39m [35m77[0;39m [2m---[0;39m [2m[  restartedMain][0;39m [36mo.s.j.e.a.AnnotationMBeanExporter       [0;39m [2m:[0;39m Bean with name 'refreshScope' has been autodetected for JMX exposure
[2m2018-05-08 21:39:49.784[0;39m [32m INFO[0;39m [35m77[0;39m [2m---[0;39m [2m[  restartedMain][0;39m [36mo.s.j.e.a.AnnotationMBeanExporter       [0;39m [2m:[0;39m Located managed bean 'environmentManager': registering with JMX server as MBean [org.springframework.cloud.context.environment:name=environmentManager,type=EnvironmentManager]
[2m2018-05-08 21:39:49.800[0;39m [32m INFO[0;39m [35m77[0;39m [2m---[0;39m [2m[  restartedMain][0;39m [36mo.s.j.e.a.AnnotationMBeanExporter       [0;39m [2m:[0;39m Located managed bean 'refreshScope': registering with JMX server as MBean [org.springframework.cloud.context.scope.refresh:name=refreshScope,type=RefreshScope]
[2m2018-05-08 21:39:49.811[0;39m [32m INFO[0;39m [35m77[0;39m [2m---[0;39m [2m[  restartedMain][0;39m [36mo.s.j.e.a.AnnotationMBeanExporter       [0;39m [2m:[0;39m Located managed bean 'configurationPropertiesRebinder': registering with JMX server as MBean [org.springframework.cloud.context.properties:name=configurationPropertiesRebinder,context=4d1aa1b6,type=ConfigurationPropertiesRebinder]
[2m2018-05-08 21:39:49.947[0;39m [32m INFO[0;39m [35m77[0;39m [2m---[0;39m [2m[  restartedMain][0;39m [36mo.s.c.support.DefaultLifecycleProcessor [0;39m [2m:[0;39m Starting beans in phase 0
[2m2018-05-08 21:39:49.957[0;39m [32m INFO[0;39m [35m77[0;39m [2m---[0;39m [2m[  restartedMain][0;39m [36mo.s.c.n.eureka.InstanceInfoFactory      [0;39m [2m:[0;39m Setting initial instance status as: STARTING
[2m2018-05-08 21:39:50.040[0;39m [32m INFO[0;39m [35m77[0;39m [2m---[0;39m [2m[  restartedMain][0;39m [36mcom.netflix.discovery.DiscoveryClient   [0;39m [2m:[0;39m Initializing Eureka in region us-east-1
[2m2018-05-08 21:39:50.299[0;39m [32m INFO[0;39m [35m77[0;39m [2m---[0;39m [2m[  restartedMain][0;39m [36mc.n.d.provider.DiscoveryJerseyProvider  [0;39m [2m:[0;39m Using JSON encoding codec LegacyJacksonJson
[2m2018-05-08 21:39:50.299[0;39m [32m INFO[0;39m [35m77[0;39m [2m---[0;39m [2m[  restartedMain][0;39m [36mc.n.d.provider.DiscoveryJerseyProvider  [0;39m [2m:[0;39m Using JSON decoding codec LegacyJacksonJson
[2m2018-05-08 21:39:50.416[0;39m [32m INFO[0;39m [35m77[0;39m [2m---[0;39m [2m[  restartedMain][0;39m [36mc.n.d.provider.DiscoveryJerseyProvider  [0;39m [2m:[0;39m Using XML encoding codec XStreamXml
[2m2018-05-08 21:39:50.416[0;39m [32m INFO[0;39m [35m77[0;39m [2m---[0;39m [2m[  restartedMain][0;39m [36mc.n.d.provider.DiscoveryJerseyProvider  [0;39m [2m:[0;39m Using XML decoding codec XStreamXml
[2m2018-05-08 21:39:50.767[0;39m [32m INFO[0;39m [35m77[0;39m [2m---[0;39m [2m[  restartedMain][0;39m [36mc.n.d.s.r.aws.ConfigClusterResolver     [0;39m [2m:[0;39m Resolving eureka endpoints via configuration
[2m2018-05-08 21:39:50.804[0;39m [32m INFO[0;39m [35m77[0;39m [2m---[0;39m [2m[  restartedMain][0;39m [36mcom.netflix.discovery.DiscoveryClient   [0;39m [2m:[0;39m Disable delta property : false
[2m2018-05-08 21:39:50.804[0;39m [32m INFO[0;39m [35m77[0;39m [2m---[0;39m [2m[  restartedMain][0;39m [36mcom.netflix.discovery.DiscoveryClient   [0;39m [2m:[0;39m Single vip registry refresh property : null
[2m2018-05-08 21:39:50.804[0;39m [32m INFO[0;39m [35m77[0;39m [2m---[0;39m [2m[  restartedMain][0;39m [36mcom.netflix.discovery.DiscoveryClient   [0;39m [2m:[0;39m Force full registry fetch : false
[2m2018-05-08 21:39:50.804[0;39m [32m INFO[0;39m [35m77[0;39m [2m---[0;39m [2m[  restartedMain][0;39m [36mcom.netflix.discovery.DiscoveryClient   [0;39m [2m:[0;39m Application is null : false
[2m2018-05-08 21:39:50.804[0;39m [32m INFO[0;39m [35m77[0;39m [2m---[0;39m [2m[  restartedMain][0;39m [36mcom.netflix.discovery.DiscoveryClient   [0;39m [2m:[0;39m Registered Applications size is zero : true
[2m2018-05-08 21:39:50.805[0;39m [32m INFO[0;39m [35m77[0;39m [2m---[0;39m [2m[  restartedMain][0;39m [36mcom.netflix.discovery.DiscoveryClient   [0;39m [2m:[0;39m Application version is -1: true
[2m2018-05-08 21:39:50.805[0;39m [32m INFO[0;39m [35m77[0;39m [2m---[0;39m [2m[  restartedMain][0;39m [36mcom.netflix.discovery.DiscoveryClient   [0;39m [2m:[0;39m Getting all instance registry info from the eureka server
[2m2018-05-08 21:39:50.997[0;39m [32m INFO[0;39m [35m77[0;39m [2m---[0;39m [2m[  restartedMain][0;39m [36mcom.netflix.discovery.DiscoveryClient   [0;39m [2m:[0;39m The response status is 200
[2m2018-05-08 21:39:50.998[0;39m [32m INFO[0;39m [35m77[0;39m [2m---[0;39m [2m[  restartedMain][0;39m [36mcom.netflix.discovery.DiscoveryClient   [0;39m [2m:[0;39m Starting heartbeat executor: renew interval is: 30
[2m2018-05-08 21:39:51.000[0;39m [32m INFO[0;39m [35m77[0;39m [2m---[0;39m [2m[  restartedMain][0;39m [36mc.n.discovery.InstanceInfoReplicator    [0;39m [2m:[0;39m InstanceInfoReplicator onDemand update allowed rate per min is 4
[2m2018-05-08 21:39:51.007[0;39m [32m INFO[0;39m [35m77[0;39m [2m---[0;39m [2m[  restartedMain][0;39m [36mcom.netflix.discovery.DiscoveryClient   [0;39m [2m:[0;39m Discovery Client initialized at timestamp 1525815591007 with initial instances count: 0
[2m2018-05-08 21:39:51.017[0;39m [32m INFO[0;39m [35m77[0;39m [2m---[0;39m [2m[  restartedMain][0;39m [36mo.s.c.n.e.s.EurekaServiceRegistry       [0;39m [2m:[0;39m Registering application users with eureka with status UP
[2m2018-05-08 21:39:51.018[0;39m [32m INFO[0;39m [35m77[0;39m [2m---[0;39m [2m[  restartedMain][0;39m [36mcom.netflix.discovery.DiscoveryClient   [0;39m [2m:[0;39m Saw local status change event StatusChangeEvent [timestamp=1525815591018, current=UP, previous=STARTING]
[2m2018-05-08 21:39:51.032[0;39m [32m INFO[0;39m [35m77[0;39m [2m---[0;39m [2m[nfoReplicator-0][0;39m [36mcom.netflix.discovery.DiscoveryClient   [0;39m [2m:[0;39m DiscoveryClient_USERS/51e465fe5b90:users:8081: registering service...
[2m2018-05-08 21:39:51.188[0;39m [32m INFO[0;39m [35m77[0;39m [2m---[0;39m [2m[  restartedMain][0;39m [36ms.b.c.e.t.TomcatEmbeddedServletContainer[0;39m [2m:[0;39m Tomcat started on port(s): 8081 (http)
[2m2018-05-08 21:39:51.188[0;39m [32m INFO[0;39m [35m77[0;39m [2m---[0;39m [2m[  restartedMain][0;39m [36m.s.c.n.e.s.EurekaAutoServiceRegistration[0;39m [2m:[0;39m Updating port to 8081
[2m2018-05-08 21:39:51.196[0;39m [32m INFO[0;39m [35m77[0;39m [2m---[0;39m [2m[  restartedMain][0;39m [36mc.example.usersapi.UsersApiApplication  [0;39m [2m:[0;39m Started UsersApiApplication in 26.508 seconds (JVM running for 29.431)
[2m2018-05-08 21:39:51.203[0;39m [32m INFO[0;39m [35m77[0;39m [2m---[0;39m [2m[nfoReplicator-0][0;39m [36mcom.netflix.discovery.DiscoveryClient   [0;39m [2m:[0;39m DiscoveryClient_USERS/51e465fe5b90:users:8081 - registration status: 204
[2m2018-05-08 21:40:07.392[0;39m [32m INFO[0;39m [35m77[0;39m [2m---[0;39m [2m[nio-8081-exec-1][0;39m [36mo.a.c.c.C.[Tomcat].[localhost].[/]      [0;39m [2m:[0;39m Initializing Spring FrameworkServlet 'dispatcherServlet'
[2m2018-05-08 21:40:07.392[0;39m [32m INFO[0;39m [35m77[0;39m [2m---[0;39m [2m[nio-8081-exec-1][0;39m [36mo.s.web.servlet.DispatcherServlet       [0;39m [2m:[0;39m FrameworkServlet 'dispatcherServlet': initialization started
[2m2018-05-08 21:40:07.413[0;39m [32m INFO[0;39m [35m77[0;39m [2m---[0;39m [2m[nio-8081-exec-1][0;39m [36mo.s.web.servlet.DispatcherServlet       [0;39m [2m:[0;39m FrameworkServlet 'dispatcherServlet': initialization completed in 20 ms
[2m2018-05-08 21:40:20.999[0;39m [32m INFO[0;39m [35m77[0;39m [2m---[0;39m [2m[freshExecutor-0][0;39m [36mcom.netflix.discovery.DiscoveryClient   [0;39m [2m:[0;39m Disable delta property : false
[2m2018-05-08 21:40:20.999[0;39m [32m INFO[0;39m [35m77[0;39m [2m---[0;39m [2m[freshExecutor-0][0;39m [36mcom.netflix.discovery.DiscoveryClient   [0;39m [2m:[0;39m Single vip registry refresh property : null
[2m2018-05-08 21:40:20.999[0;39m [32m INFO[0;39m [35m77[0;39m [2m---[0;39m [2m[freshExecutor-0][0;39m [36mcom.netflix.discovery.DiscoveryClient   [0;39m [2m:[0;39m Force full registry fetch : false
[2m2018-05-08 21:40:20.999[0;39m [32m INFO[0;39m [35m77[0;39m [2m---[0;39m [2m[freshExecutor-0][0;39m [36mcom.netflix.discovery.DiscoveryClient   [0;39m [2m:[0;39m Application is null : false
[2m2018-05-08 21:40:20.999[0;39m [32m INFO[0;39m [35m77[0;39m [2m---[0;39m [2m[freshExecutor-0][0;39m [36mcom.netflix.discovery.DiscoveryClient   [0;39m [2m:[0;39m Registered Applications size is zero : true
[2m2018-05-08 21:40:20.999[0;39m [32m INFO[0;39m [35m77[0;39m [2m---[0;39m [2m[freshExecutor-0][0;39m [36mcom.netflix.discovery.DiscoveryClient   [0;39m [2m:[0;39m Application version is -1: false
[2m2018-05-08 21:40:20.999[0;39m [32m INFO[0;39m [35m77[0;39m [2m---[0;39m [2m[freshExecutor-0][0;39m [36mcom.netflix.discovery.DiscoveryClient   [0;39m [2m:[0;39m Getting all instance registry info from the eureka server
[2m2018-05-08 21:40:21.047[0;39m [32m INFO[0;39m [35m77[0;39m [2m---[0;39m [2m[freshExecutor-0][0;39m [36mcom.netflix.discovery.DiscoveryClient   [0;39m [2m:[0;39m The response status is 200
[2m2018-05-08 21:42:23.320[0;39m [32m INFO[0;39m [35m77[0;39m [2m---[0;39m [2m[nio-8081-exec-3][0;39m [36mo.h.h.i.QueryTranslatorFactoryInitiator [0;39m [2m:[0;39m HHH000397: Using ASTQueryTranslatorFactory
